2025-02-19 10:35:22,893 - INFO - 程序启动
2025-02-19 10:35:22,894 - INFO - 开始获取当前成交额
2025-02-19 10:35:22,898 - INFO - 开始获取指数数据
2025-02-19 10:35:23,165 - INFO - 获取上证和深证指数的成交量: 上证 304604611533.2, 深证 480910550980.0447
2025-02-19 10:35:23,171 - INFO - 开始估算成交量，已交易分钟数：65，指定成交量：304604611533.2
2025-02-19 10:35:23,173 - INFO - 开始获取成交量曲线，天数：3
2025-02-19 10:35:24,667 - INFO - 成功获取上证和深证分钟数据
2025-02-19 10:35:24,698 - INFO - 数据处理完成，共48条记录
2025-02-19 10:35:24,706 - INFO - 成功计算3天的百分比数据
2025-02-19 10:35:24,714 - INFO - 成功生成成交量曲线:[np.float64(0.20570392044450073), np.float64(0.10312258175245943), np.float64(0.07367641445741928), np.float64(0.056790372576627085), np.float64(0.05216819837014061), np.float64(0.0458675113064003), np.float64(0.03835407209980209), np.float64(0.0359281968442978), np.float64(0.050547687281643), np.float64(0.034975638219937356), np.float64(0.05343664648189738), np.float64(0.04322563853809195), np.float64(0.042832666573972084), np.float64(0.04205051261993591), np.float64(0.05360858996984816), np.float64(0.0677113524630268)]
2025-02-19 10:35:24,718 - INFO - 计算得到的累计比例：amount    0.456683
Name: 4, dtype: float64
2025-02-19 10:35:24,719 - INFO - 估算的成交量：666993996221
2025-02-19 10:35:24,724 - INFO - 开始估算成交量，已交易分钟数：65，指定成交量：480910550980.0447
2025-02-19 10:35:24,727 - INFO - 计算得到的累计比例：amount    0.456683
Name: 4, dtype: float64
2025-02-19 10:35:24,728 - INFO - 估算的成交量：1053051851739
2025-02-19 10:35:24,871 - INFO - 开始获取最近 5 个交易日的平均成交额
2025-02-19 10:35:27,260 - INFO - 成功获取上证和深证每日数据
2025-02-19 10:35:27,261 - INFO - 最近 5 个交易日上证平均成交额: 693530917189.7, 深证平均成交额: 1096988437149.99
2025-02-19 10:35:27,940 - INFO - 前 5% 成交量的股票占总成交量的 45.56%
2025-02-19 10:35:27,948 - INFO - 中间股票涨幅为: 1.25
2025-02-19 10:35:27,960 - INFO - 前 5% 成交金额的股票的平均涨幅为: 3.43%
2025-02-19 10:35:27,969 - INFO - 上涨股票数量: 4523, 下跌股票数量: 865
2025-02-19 10:35:27,970 - INFO - 股票上涨百分比为: 79.5182841068917
2025-02-19 10:35:28,075 - INFO - 2025-02-19 是交易日
2025-02-19 10:35:28,142 - INFO - 涨停板股票数量: 53
2025-02-19 10:35:28,207 - INFO - 跌停板股票数量: 2
2025-12-29 04:57:31,517 - INFO - 程序启动
2025-12-29 04:57:31,531 - INFO - 开始获取当前成交额
2025-12-29 04:57:31,532 - INFO - 开始获取指数数据
2025-12-29 04:57:31,953 - INFO - 获取上证和深证指数的成交量: 上证 893644363934.7, 深证 1266547060139.6077
2025-12-29 04:57:35,632 - INFO - 开始获取最近 5 个交易日的平均成交额
2025-12-29 04:57:36,680 - INFO - 成功获取上证和深证每日数据
2025-12-29 04:57:36,681 - INFO - 最近 5 个交易日上证平均成交额: 778724621833, 深证平均成交额: 1079772606124
2025-12-29 04:57:54,038 - INFO - 前 5% 成交量的股票占总成交量的 41.76%
2025-12-29 04:57:54,042 - INFO - 中间股票涨幅为: -0.38
2025-12-29 04:57:54,048 - INFO - 前 5% 成交金额的股票的平均涨幅为: 2.45%
2025-12-29 04:57:54,053 - INFO - 上涨股票数量: 2041, 下跌股票数量: 3413
2025-12-29 04:57:54,053 - INFO - 股票上涨百分比为: 35.238259668508285
2025-12-29 04:57:54,124 - INFO - 涨停板股票数量: 84
2025-12-29 04:57:54,238 - INFO - 跌停板股票数量: 2
2025-12-29 04:57:54,240 - INFO - 开始计算前10只股票的平均市值
2025-12-29 04:57:54,248 - INFO - 前10只股票平均市值: 5978.99亿
2025-12-29 04:57:54,248 - INFO - 前10只股票总市值: 59789.88亿
2025-12-29 04:57:54,963 - INFO - 2025-12-29 是交易日
2025-12-29 04:57:54,977 - INFO - 程序启动
2025-12-29 04:57:54,977 - INFO - 开始获取当前成交额
2025-12-29 04:58:29,198 - INFO - 程序启动
2025-12-29 04:58:29,198 - INFO - 开始获取当前成交额
2025-12-29 04:58:29,199 - INFO - 开始获取指数数据
2025-12-29 04:58:29,444 - INFO - 获取上证和深证指数的成交量: 上证 893644363934.7, 深证 1266547060139.6077
2025-12-29 04:58:32,952 - INFO - 开始获取最近 5 个交易日的平均成交额
2025-12-29 04:58:33,921 - INFO - 成功获取上证和深证每日数据
2025-12-29 04:58:33,921 - INFO - 最近 5 个交易日上证平均成交额: 778724621833, 深证平均成交额: 1079772606124
2025-12-29 04:58:44,970 - INFO - 前 5% 成交量的股票占总成交量的 41.76%
2025-12-29 04:58:44,973 - INFO - 中间股票涨幅为: -0.38
2025-12-29 04:58:44,980 - INFO - 前 5% 成交金额的股票的平均涨幅为: 2.45%
2025-12-29 04:58:44,985 - INFO - 上涨股票数量: 2041, 下跌股票数量: 3413
2025-12-29 04:58:44,986 - INFO - 股票上涨百分比为: 35.238259668508285
2025-12-29 04:58:45,050 - INFO - 涨停板股票数量: 84
2025-12-29 04:58:45,115 - INFO - 跌停板股票数量: 2
2025-12-29 04:58:45,118 - INFO - 开始计算前10只股票的平均市值
2025-12-29 04:58:45,123 - INFO - 前10只股票平均市值: 5978.99亿
2025-12-29 04:58:45,123 - INFO - 前10只股票总市值: 59789.88亿
2025-12-29 04:58:45,299 - INFO - 2025-12-29 是交易日
2025-12-29 04:58:45,310 - INFO - 程序启动
2025-12-29 04:58:45,310 - INFO - 开始获取当前成交额
2025-12-29 05:00:36,435 - INFO - 程序启动
2025-12-29 05:00:36,435 - INFO - 开始获取当前成交额
2025-12-29 05:00:36,436 - INFO - 开始获取指数数据
2025-12-29 05:00:36,694 - INFO - 获取上证和深证指数的成交量: 上证 893644363934.7, 深证 1266547060139.6077
2025-12-29 05:00:42,244 - INFO - 开始获取最近 5 个交易日的平均成交额
2025-12-29 05:00:43,358 - INFO - 成功获取上证和深证每日数据
2025-12-29 05:00:43,359 - INFO - 最近 5 个交易日上证平均成交额: 778724621833, 深证平均成交额: 1079772606124
2025-12-29 05:01:01,294 - INFO - 前 5% 成交量的股票占总成交量的 41.76%
2025-12-29 05:01:01,297 - INFO - 中间股票涨幅为: -0.38
2025-12-29 05:01:01,303 - INFO - 前 5% 成交金额的股票的平均涨幅为: 2.45%
2025-12-29 05:01:01,306 - INFO - 上涨股票数量: 2041, 下跌股票数量: 3413
2025-12-29 05:01:01,306 - INFO - 股票上涨百分比为: 35.238259668508285
2025-12-29 05:01:01,368 - INFO - 涨停板股票数量: 84
2025-12-29 05:01:01,430 - INFO - 跌停板股票数量: 2
2025-12-29 05:01:01,432 - INFO - 开始计算前10只股票的平均市值
2025-12-29 05:01:01,434 - INFO - 前10只股票平均市值: 5978.99亿
2025-12-29 05:01:01,434 - INFO - 前10只股票总市值: 59789.88亿
2025-12-29 05:01:02,106 - INFO - 2025-12-29 是交易日
2025-12-29 05:01:02,118 - INFO - 程序启动
2025-12-29 05:01:02,118 - INFO - 开始获取当前成交额
2025-12-29 05:08:43,780 - INFO - 程序启动
2025-12-29 05:08:43,780 - INFO - 开始获取当前成交额
2025-12-29 05:08:43,783 - INFO - 开始获取指数数据
2025-12-29 05:08:43,989 - INFO - 获取上证和深证指数的成交量: 上证 893644363934.7, 深证 1266547060139.6077
2025-12-29 05:08:49,501 - INFO - 开始获取最近 5 个交易日的平均成交额
2025-12-29 05:08:50,565 - INFO - 成功获取上证和深证每日数据
2025-12-29 05:08:50,566 - INFO - 最近 5 个交易日上证平均成交额: 778724621833, 深证平均成交额: 1079772606124
2025-12-29 05:09:02,054 - INFO - 前 5% 成交量的股票占总成交量的 41.76%
2025-12-29 05:09:02,058 - INFO - 中间股票涨幅为: -0.38
2025-12-29 05:09:02,063 - INFO - 前 5% 成交金额的股票的平均涨幅为: 2.45%
2025-12-29 05:09:02,067 - INFO - 上涨股票数量: 2041, 下跌股票数量: 3413
2025-12-29 05:09:02,067 - INFO - 股票上涨百分比为: 35.238259668508285
2025-12-29 05:09:02,134 - INFO - 涨停板股票数量: 84
2025-12-29 05:09:02,194 - INFO - 跌停板股票数量: 2
2025-12-29 05:09:02,195 - INFO - 开始计算前10只股票的平均市值
2025-12-29 05:09:02,199 - INFO - 前10只股票平均市值: 5978.99亿
2025-12-29 05:09:02,199 - INFO - 前10只股票总市值: 59789.88亿
2025-12-29 05:09:02,805 - INFO - 2025-12-29 是交易日
2025-12-29 05:09:02,821 - INFO - 程序启动
2025-12-29 05:09:02,821 - INFO - 开始获取当前成交额
2025-12-29 05:12:17,330 - INFO - 程序启动
2025-12-29 05:12:17,331 - INFO - 开始获取当前成交额
2025-12-29 05:12:17,333 - INFO - 开始获取指数数据
2025-12-29 05:12:17,530 - INFO - 获取上证和深证指数的成交量: 上证 893644363934.7, 深证 1266547060139.6077
2025-12-29 05:12:21,426 - INFO - 开始获取最近 5 个交易日的平均成交额
2025-12-29 05:12:22,294 - INFO - 成功获取上证和深证每日数据
2025-12-29 05:12:22,294 - INFO - 最近 5 个交易日上证平均成交额: 778724621833, 深证平均成交额: 1079772606124
2025-12-29 05:12:35,023 - INFO - 前 5% 成交量的股票占总成交量的 41.76%
2025-12-29 05:12:35,039 - INFO - 中间股票涨幅为: -0.38
2025-12-29 05:12:35,047 - INFO - 前 5% 成交金额的股票的平均涨幅为: 2.45%
2025-12-29 05:12:35,053 - INFO - 上涨股票数量: 2041, 下跌股票数量: 3413
2025-12-29 05:12:35,054 - INFO - 股票上涨百分比为: 35.238259668508285
2025-12-29 05:12:35,146 - INFO - 涨停板股票数量: 84
2025-12-29 05:12:35,451 - INFO - 跌停板股票数量: 2
2025-12-29 05:12:35,452 - INFO - 开始计算前10只股票的平均市值
2025-12-29 05:12:35,456 - INFO - 前10只股票平均市值: 5978.99亿
2025-12-29 05:12:35,456 - INFO - 前10只股票总市值: 59789.88亿
2025-12-29 05:12:35,724 - INFO - 2025-12-29 是交易日
2025-12-29 05:12:35,767 - INFO - 程序启动
2025-12-29 05:12:35,768 - INFO - 开始获取当前成交额
2025-12-29 10:07:51,240 - INFO - 程序启动
2025-12-29 10:07:51,250 - INFO - 开始获取当前成交额
2025-12-29 10:07:51,251 - INFO - 开始获取指数数据
2025-12-29 10:07:51,576 - INFO - 获取上证和深证指数的成交量: 上证 353339455641.3, 深证 481092342095.5282
2025-12-29 10:07:51,618 - INFO - 开始估算成交量，已交易分钟数：37，指定成交量：353339455641.3
2025-12-29 10:07:51,619 - INFO - 开始获取成交量曲线，天数：3
2025-12-29 10:07:55,741 - INFO - 成功获取上证和深证分钟数据
2025-12-29 10:07:55,810 - INFO - 数据处理完成，共48条记录
2025-12-29 10:07:55,816 - INFO - 成功计算3天的百分比数据
2025-12-29 10:07:55,824 - INFO - 成功生成成交量曲线:[np.float64(0.18502995807323533), np.float64(0.10064811477982027), np.float64(0.08023465568287132), np.float64(0.06016463184205797), np.float64(0.04961146492973223), np.float64(0.04494832669246431), np.float64(0.04129479848423584), np.float64(0.055394058013632314), np.float64(0.048707196821988895), np.float64(0.04579462496454148), np.float64(0.044834701640232795), np.float64(0.03930007713278793), np.float64(0.04078328567442776), np.float64(0.03916487195766107), np.float64(0.04893806062291295), np.float64(0.07515117268739753)]
2025-12-29 10:07:55,828 - INFO - 计算得到的累计比例：amount    0.323121
Name: 2, dtype: float64
2025-12-29 10:07:55,828 - INFO - 估算的成交量：1093520853436
2025-12-29 10:07:55,830 - INFO - 开始估算成交量，已交易分钟数：37，指定成交量：481092342095.5282
2025-12-29 10:07:55,831 - INFO - 计算得到的累计比例：amount    0.323121
Name: 2, dtype: float64
2025-12-29 10:07:55,831 - INFO - 估算的成交量：1488892621842
2025-12-29 10:07:59,984 - INFO - 开始获取最近 5 个交易日的平均成交额
2025-12-29 10:08:01,116 - INFO - 成功获取上证和深证每日数据
2025-12-29 10:08:01,116 - INFO - 最近 5 个交易日上证平均成交额: 809840293657, 深证平均成交额: 1135512280724
2025-12-29 10:08:13,560 - INFO - 前 5% 成交量的股票占总成交量的 47.47%
2025-12-29 10:08:13,564 - INFO - 中间股票涨幅为: -0.05
2025-12-29 10:08:13,573 - INFO - 前 5% 成交金额的股票的平均涨幅为: 1.12%
2025-12-29 10:08:13,577 - INFO - 上涨股票数量: 2529, 下跌股票数量: 2926
2025-12-29 10:08:13,578 - INFO - 股票上涨百分比为: 43.66367403314917
2025-12-29 10:08:13,646 - INFO - 涨停板股票数量: 40
2025-12-29 10:08:13,722 - INFO - 跌停板股票数量: 11
2025-12-29 10:08:13,725 - INFO - 开始计算前10只股票的平均市值
2025-12-29 10:08:13,728 - INFO - 前10只股票平均市值: 4107.01亿
2025-12-29 10:08:13,729 - INFO - 前10只股票总市值: 41070.13亿
2025-12-29 10:08:13,866 - INFO - 2025-12-29 是交易日
2025-12-29 10:08:13,876 - INFO - 程序启动
2025-12-29 10:08:13,876 - INFO - 开始获取当前成交额
2025-12-29 10:08:13,878 - INFO - 开始估算成交量，已交易分钟数：38，指定成交量：353339455641.3
2025-12-29 10:08:13,880 - INFO - 计算得到的累计比例：amount    0.32847
Name: 2, dtype: float64
2025-12-29 10:08:13,880 - INFO - 估算的成交量：1075713382688
2025-12-29 10:08:13,882 - INFO - 开始估算成交量，已交易分钟数：38，指定成交量：481092342095.5282
2025-12-29 10:08:13,882 - INFO - 计算得到的累计比例：amount    0.32847
Name: 2, dtype: float64
2025-12-29 10:08:13,882 - INFO - 估算的成交量：1464646708536
2025-12-29 10:08:51,752 - INFO - 程序启动
2025-12-29 10:08:51,753 - INFO - 开始获取当前成交额
2025-12-29 10:08:51,758 - INFO - 开始获取指数数据
2025-12-29 10:08:52,046 - INFO - 获取上证和深证指数的成交量: 上证 357320094244.5, 深证 487023460586.5473
2025-12-29 10:08:52,051 - INFO - 开始估算成交量，已交易分钟数：38，指定成交量：357320094244.5
2025-12-29 10:08:52,053 - INFO - 开始获取成交量曲线，天数：3
2025-12-29 10:08:54,654 - INFO - 成功获取上证和深证分钟数据
2025-12-29 10:08:54,699 - INFO - 数据处理完成，共48条记录
2025-12-29 10:08:54,707 - INFO - 成功计算3天的百分比数据
2025-12-29 10:08:54,716 - INFO - 成功生成成交量曲线:[np.float64(0.18502995807323533), np.float64(0.10064811477982027), np.float64(0.08023465568287132), np.float64(0.06016463184205797), np.float64(0.04961146492973223), np.float64(0.04494832669246431), np.float64(0.04129479848423584), np.float64(0.055394058013632314), np.float64(0.048707196821988895), np.float64(0.04579462496454148), np.float64(0.044834701640232795), np.float64(0.03930007713278793), np.float64(0.04078328567442776), np.float64(0.03916487195766107), np.float64(0.04893806062291295), np.float64(0.07515117268739753)]
2025-12-29 10:08:54,719 - INFO - 计算得到的累计比例：amount    0.32847
Name: 2, dtype: float64
2025-12-29 10:08:54,720 - INFO - 估算的成交量：1087832114827
2025-12-29 10:08:54,725 - INFO - 开始估算成交量，已交易分钟数：38，指定成交量：487023460586.5473
2025-12-29 10:08:54,728 - INFO - 计算得到的累计比例：amount    0.32847
Name: 2, dtype: float64
2025-12-29 10:08:54,729 - INFO - 估算的成交量：1482703518873
2025-12-29 10:08:58,523 - INFO - 开始获取最近 5 个交易日的平均成交额
2025-12-29 10:08:59,644 - INFO - 成功获取上证和深证每日数据
2025-12-29 10:08:59,645 - INFO - 最近 5 个交易日上证平均成交额: 809840293657, 深证平均成交额: 1135512280724
2025-12-29 10:09:18,815 - INFO - 前 5% 成交量的股票占总成交量的 47.41%
2025-12-29 10:09:18,820 - INFO - 中间股票涨幅为: -0.07
2025-12-29 10:09:18,833 - INFO - 前 5% 成交金额的股票的平均涨幅为: 1.07%
2025-12-29 10:09:18,844 - INFO - 上涨股票数量: 2488, 下跌股票数量: 2967
2025-12-29 10:09:18,845 - INFO - 股票上涨百分比为: 42.95580110497237
2025-12-29 10:09:18,924 - INFO - 涨停板股票数量: 41
2025-12-29 10:09:19,004 - INFO - 跌停板股票数量: 12
2025-12-29 10:09:19,006 - INFO - 开始计算前10只股票的平均市值
2025-12-29 10:09:19,010 - INFO - 前10只股票平均市值: 4098.75亿
2025-12-29 10:09:19,010 - INFO - 前10只股票总市值: 40987.50亿
2025-12-29 10:09:19,141 - INFO - 2025-12-29 是交易日
2025-12-29 10:09:19,171 - INFO - 程序启动
2025-12-29 10:09:19,171 - INFO - 开始获取当前成交额
2025-12-29 10:09:19,174 - INFO - 开始估算成交量，已交易分钟数：39，指定成交量：357320094244.5
2025-12-29 10:09:19,175 - INFO - 计算得到的累计比例：amount    0.333819
Name: 2, dtype: float64
2025-12-29 10:09:19,176 - INFO - 估算的成交量：1070401137733
2025-12-29 10:09:19,179 - INFO - 开始估算成交量，已交易分钟数：39，指定成交量：487023460586.5473
2025-12-29 10:09:19,181 - INFO - 计算得到的累计比例：amount    0.333819
Name: 2, dtype: float64
2025-12-29 10:09:19,182 - INFO - 估算的成交量：1458945283826
2025-12-29 10:10:19,397 - INFO - 程序启动
2025-12-29 10:10:19,401 - INFO - 开始获取当前成交额
2025-12-29 10:10:19,405 - INFO - 开始估算成交量，已交易分钟数：40，指定成交量：357320094244.5
2025-12-29 10:10:19,409 - INFO - 计算得到的累计比例：amount    0.339168
Name: 2, dtype: float64
2025-12-29 10:10:19,409 - INFO - 估算的成交量：1053519964508
2025-12-29 10:10:19,419 - INFO - 开始估算成交量，已交易分钟数：40，指定成交量：487023460586.5473
2025-12-29 10:10:19,423 - INFO - 计算得到的累计比例：amount    0.339168
Name: 2, dtype: float64
2025-12-29 10:10:19,425 - INFO - 估算的成交量：1435936425564
2025-12-29 10:10:24,418 - INFO - 2025-12-29 是交易日
2025-12-29 10:10:24,488 - INFO - 程序启动
2025-12-29 10:10:24,492 - INFO - 开始获取当前成交额
2025-12-29 10:11:19,369 - INFO - 程序启动
2025-12-29 10:11:19,372 - INFO - 开始获取当前成交额
2025-12-29 10:11:19,376 - INFO - 开始估算成交量，已交易分钟数：41，指定成交量：357320094244.5
2025-12-29 10:11:19,380 - INFO - 计算得到的累计比例：amount    0.344517
Name: 2, dtype: float64
2025-12-29 10:11:19,382 - INFO - 估算的成交量：1037162986345
2025-12-29 10:11:19,389 - INFO - 开始估算成交量，已交易分钟数：41，指定成交量：487023460586.5473
2025-12-29 10:11:19,393 - INFO - 计算得到的累计比例：amount    0.344517
Name: 2, dtype: float64
2025-12-29 10:11:19,393 - INFO - 估算的成交量：1413642039556
2025-12-29 10:11:23,280 - INFO - 程序启动
2025-12-29 10:11:23,283 - INFO - 开始获取当前成交额
2025-12-29 10:12:19,385 - INFO - 程序启动
2025-12-29 10:12:19,390 - INFO - 开始获取当前成交额
2025-12-29 10:12:19,393 - INFO - 开始获取指数数据
2025-12-29 10:12:20,059 - INFO - 获取上证和深证指数的成交量: 上证 371301987637.1, 深证 505481674393.1038
2025-12-29 10:12:20,062 - INFO - 开始估算成交量，已交易分钟数：42，指定成交量：371301987637.1
2025-12-29 10:12:20,067 - INFO - 计算得到的累计比例：amount    0.349866
Name: 2, dtype: float64
2025-12-29 10:12:20,068 - INFO - 估算的成交量：1061269750850
2025-12-29 10:12:20,071 - INFO - 开始估算成交量，已交易分钟数：42，指定成交量：505481674393.1038
2025-12-29 10:12:20,074 - INFO - 计算得到的累计比例：amount    0.349866
Name: 2, dtype: float64
2025-12-29 10:12:20,076 - INFO - 估算的成交量：1444787338889
2025-12-29 10:12:20,578 - ERROR - 获取指数 399006 当前成交额时发生错误：('Connection aborted.', RemoteDisconnected('Remote end closed connection without response'))
2025-12-29 10:13:19,513 - INFO - 程序启动
2025-12-29 10:13:19,513 - INFO - 开始获取当前成交额
2025-12-29 10:13:19,516 - INFO - 开始估算成交量，已交易分钟数：43，指定成交量：371301987637.1
2025-12-29 10:13:19,519 - INFO - 计算得到的累计比例：amount    0.355215
Name: 2, dtype: float64
2025-12-29 10:13:19,520 - INFO - 估算的成交量：1045288693910
2025-12-29 10:13:19,524 - INFO - 开始估算成交量，已交易分钟数：43，指定成交量：505481674393.1038
2025-12-29 10:13:19,528 - INFO - 计算得到的累计比例：amount    0.355215
Name: 2, dtype: float64
2025-12-29 10:13:19,528 - INFO - 估算的成交量：1423031108948
2025-12-29 10:13:23,464 - INFO - 开始获取最近 5 个交易日的平均成交额
2025-12-29 10:13:24,799 - INFO - 成功获取上证和深证每日数据
2025-12-29 10:13:24,800 - INFO - 最近 5 个交易日上证平均成交额: 809840293657, 深证平均成交额: 1135512280724
2025-12-29 10:13:36,108 - INFO - 前 5% 成交量的股票占总成交量的 47.19%
2025-12-29 10:13:36,116 - INFO - 中间股票涨幅为: 0.0
2025-12-29 10:13:36,132 - INFO - 前 5% 成交金额的股票的平均涨幅为: 1.29%
2025-12-29 10:13:36,143 - INFO - 上涨股票数量: 2561, 下跌股票数量: 2894
2025-12-29 10:13:36,144 - INFO - 股票上涨百分比为: 44.216160220994475
2025-12-29 10:13:36,211 - INFO - 涨停板股票数量: 45
2025-12-29 10:13:36,275 - INFO - 跌停板股票数量: 14
2025-12-29 10:13:36,277 - INFO - 开始计算前10只股票的平均市值
2025-12-29 10:13:36,281 - INFO - 前10只股票平均市值: 4185.02亿
2025-12-29 10:13:36,281 - INFO - 前10只股票总市值: 41850.17亿
2025-12-29 10:13:36,971 - INFO - 2025-12-29 是交易日
2025-12-29 10:13:37,035 - INFO - 程序启动
2025-12-29 10:13:37,035 - INFO - 开始获取当前成交额
2025-12-29 10:14:37,164 - INFO - 程序启动
2025-12-29 10:14:37,164 - INFO - 开始获取当前成交额
2025-12-29 10:14:37,171 - INFO - 开始估算成交量，已交易分钟数：44，指定成交量：371301987637.1
2025-12-29 10:14:37,177 - INFO - 计算得到的累计比例：amount    0.360564
Name: 2, dtype: float64
2025-12-29 10:14:37,178 - INFO - 估算的成交量：1029781796152
2025-12-29 10:14:37,185 - INFO - 开始估算成交量，已交易分钟数：44，指定成交量：505481674393.1038
2025-12-29 10:14:37,188 - INFO - 计算得到的累计比例：amount    0.360564
Name: 2, dtype: float64
2025-12-29 10:14:37,189 - INFO - 估算的成交量：1401920388013
2025-12-29 10:14:41,567 - INFO - 2025-12-29 是交易日
2025-12-29 10:14:41,607 - INFO - 程序启动
2025-12-29 10:14:41,608 - INFO - 开始获取当前成交额
2025-12-29 10:15:37,167 - INFO - 程序启动
2025-12-29 10:15:37,168 - INFO - 开始获取当前成交额
2025-12-29 10:15:37,174 - INFO - 开始获取指数数据
2025-12-29 10:15:37,381 - INFO - 获取上证和深证指数的成交量: 上证 384785718836.5, 深证 523012935626.7428
2025-12-29 10:15:37,394 - INFO - 开始估算成交量，已交易分钟数：45，指定成交量：384785718836.5
2025-12-29 10:15:37,400 - INFO - 计算得到的累计比例：amount    0.365913
Name: 3, dtype: float64
2025-12-29 10:15:37,400 - INFO - 估算的成交量：1051577845832
2025-12-29 10:15:37,406 - INFO - 开始估算成交量，已交易分钟数：45，指定成交量：523012935626.7428
2025-12-29 10:15:37,410 - INFO - 计算得到的累计比例：amount    0.365913
Name: 3, dtype: float64
2025-12-29 10:15:37,415 - INFO - 估算的成交量：1429337912674
2025-12-29 10:15:41,474 - INFO - 程序启动
2025-12-29 10:15:41,474 - INFO - 开始获取当前成交额
2025-12-29 10:16:37,162 - INFO - 程序启动
2025-12-29 10:16:37,163 - INFO - 开始获取当前成交额
2025-12-29 10:16:37,170 - INFO - 开始估算成交量，已交易分钟数：46，指定成交量：384785718836.5
2025-12-29 10:16:37,173 - INFO - 计算得到的累计比例：amount    0.369924
Name: 3, dtype: float64
2025-12-29 10:16:37,174 - INFO - 估算的成交量：1040175892174
2025-12-29 10:16:37,179 - INFO - 开始估算成交量，已交易分钟数：46，指定成交量：523012935626.7428
2025-12-29 10:16:37,181 - INFO - 计算得到的累计比例：amount    0.369924
Name: 3, dtype: float64
2025-12-29 10:16:37,183 - INFO - 估算的成交量：1413840016150
2025-12-29 10:16:41,317 - INFO - 开始获取最近 5 个交易日的平均成交额
2025-12-29 10:16:42,493 - INFO - 成功获取上证和深证每日数据
2025-12-29 10:16:42,495 - INFO - 最近 5 个交易日上证平均成交额: 809840293657, 深证平均成交额: 1135512280724
2025-12-29 10:16:55,680 - INFO - 前 5% 成交量的股票占总成交量的 46.96%
2025-12-29 10:16:55,684 - INFO - 中间股票涨幅为: 0.0
2025-12-29 10:16:55,693 - INFO - 前 5% 成交金额的股票的平均涨幅为: 1.29%
2025-12-29 10:16:55,704 - INFO - 上涨股票数量: 2678, 下跌股票数量: 2777
2025-12-29 10:16:55,704 - INFO - 股票上涨百分比为: 46.23618784530387
2025-12-29 10:16:55,771 - INFO - 涨停板股票数量: 45
2025-12-29 10:16:55,835 - INFO - 跌停板股票数量: 13
2025-12-29 10:16:55,837 - INFO - 开始计算前10只股票的平均市值
2025-12-29 10:16:55,841 - INFO - 前10只股票平均市值: 4186.43亿
2025-12-29 10:16:55,842 - INFO - 前10只股票总市值: 41864.26亿
2025-12-29 10:16:56,089 - INFO - 2025-12-29 是交易日
2025-12-29 10:16:56,112 - INFO - 程序启动
2025-12-29 10:16:56,113 - INFO - 开始获取当前成交额
2025-12-29 10:17:56,282 - INFO - 程序启动
2025-12-29 10:17:56,285 - INFO - 开始获取当前成交额
2025-12-29 10:17:56,288 - INFO - 开始估算成交量，已交易分钟数：47，指定成交量：384785718836.5
2025-12-29 10:17:56,292 - INFO - 计算得到的累计比例：amount    0.373935
Name: 3, dtype: float64
2025-12-29 10:17:56,301 - INFO - 估算的成交量：1029018542501
2025-12-29 10:17:56,308 - INFO - 开始估算成交量，已交易分钟数：47，指定成交量：523012935626.7428
2025-12-29 10:17:56,311 - INFO - 计算得到的累计比例：amount    0.373935
Name: 3, dtype: float64
2025-12-29 10:17:56,311 - INFO - 估算的成交量：1398674593109
2025-12-29 10:18:02,713 - INFO - 2025-12-29 是交易日
2025-12-29 10:18:02,752 - INFO - 程序启动
2025-12-29 10:18:02,755 - INFO - 开始获取当前成交额
2025-12-29 10:18:02,759 - INFO - 开始估算成交量，已交易分钟数：48，指定成交量：384785718836.5
2025-12-29 10:18:02,761 - INFO - 计算得到的累计比例：amount    0.377946
Name: 3, dtype: float64
2025-12-29 10:18:02,762 - INFO - 估算的成交量：1018098009180
2025-12-29 10:18:02,765 - INFO - 开始估算成交量，已交易分钟数：48，指定成交量：523012935626.7428
2025-12-29 10:18:02,767 - INFO - 计算得到的累计比例：amount    0.377946
Name: 3, dtype: float64
2025-12-29 10:18:02,769 - INFO - 估算的成交量：1383831058354
2025-12-29 10:18:56,302 - INFO - 程序启动
2025-12-29 10:18:56,303 - INFO - 开始获取当前成交额
2025-12-29 10:18:56,311 - INFO - 开始获取指数数据
2025-12-29 10:18:56,518 - INFO - 获取上证和深证指数的成交量: 上证 396907143132.1, 深证 539838062379.7185
2025-12-29 10:18:56,521 - INFO - 开始估算成交量，已交易分钟数：48，指定成交量：396907143132.1
2025-12-29 10:18:56,525 - INFO - 计算得到的累计比例：amount    0.377946
Name: 3, dtype: float64
2025-12-29 10:18:56,525 - INFO - 估算的成交量：1050169880197
2025-12-29 10:18:56,529 - INFO - 开始估算成交量，已交易分钟数：48，指定成交量：539838062379.7185
2025-12-29 10:18:56,531 - INFO - 计算得到的累计比例：amount    0.377946
Name: 3, dtype: float64
2025-12-29 10:18:56,532 - INFO - 估算的成交量：1428348375949
2025-12-29 10:19:02,570 - INFO - 程序启动
2025-12-29 10:19:02,570 - INFO - 开始获取当前成交额
2025-12-29 10:19:02,572 - INFO - 开始估算成交量，已交易分钟数：49，指定成交量：396907143132.1
2025-12-29 10:19:02,575 - INFO - 计算得到的累计比例：amount    0.381957
Name: 3, dtype: float64
2025-12-29 10:19:02,576 - INFO - 估算的成交量：1039141911890
2025-12-29 10:19:02,578 - INFO - 开始估算成交量，已交易分钟数：49，指定成交量：539838062379.7185
2025-12-29 10:19:02,581 - INFO - 计算得到的累计比例：amount    0.381957
Name: 3, dtype: float64
2025-12-29 10:19:02,581 - INFO - 估算的成交量：1413349106861
2025-12-29 10:19:56,294 - INFO - 程序启动
2025-12-29 10:19:56,294 - INFO - 开始获取当前成交额
2025-12-29 10:20:02,551 - INFO - 开始获取最近 5 个交易日的平均成交额
2025-12-29 10:20:03,767 - INFO - 成功获取上证和深证每日数据
2025-12-29 10:20:03,768 - INFO - 最近 5 个交易日上证平均成交额: 809840293657, 深证平均成交额: 1135512280724
2025-12-29 10:21:04,345 - INFO - 程序启动
2025-12-29 10:21:04,346 - INFO - 开始获取当前成交额
2025-12-29 10:21:04,352 - INFO - 开始估算成交量，已交易分钟数：51，指定成交量：396907143132.1
2025-12-29 10:21:04,357 - INFO - 计算得到的累计比例：amount    0.389979
Name: 3, dtype: float64
2025-12-29 10:21:04,357 - INFO - 估算的成交量：1017766518963
2025-12-29 10:21:04,363 - INFO - 开始估算成交量，已交易分钟数：51，指定成交量：539838062379.7185
2025-12-29 10:21:04,366 - INFO - 计算得到的累计比例：amount    0.389979
Name: 3, dtype: float64
2025-12-29 10:21:04,367 - INFO - 估算的成交量：1384276184137
2025-12-29 10:21:29,567 - INFO - 前 5% 成交量的股票占总成交量的 46.77%
2025-12-29 10:21:29,572 - INFO - 中间股票涨幅为: 0.0
2025-12-29 10:21:29,580 - INFO - 前 5% 成交金额的股票的平均涨幅为: 1.25%
2025-12-29 10:21:29,587 - INFO - 上涨股票数量: 2624, 下跌股票数量: 2831
2025-12-29 10:21:29,587 - INFO - 股票上涨百分比为: 45.30386740331492
2025-12-29 10:21:29,653 - INFO - 涨停板股票数量: 44
2025-12-29 10:21:29,720 - INFO - 跌停板股票数量: 13
2025-12-29 10:21:29,723 - INFO - 开始计算前10只股票的平均市值
2025-12-29 10:21:29,726 - INFO - 前10只股票平均市值: 4199.62亿
2025-12-29 10:21:29,727 - INFO - 前10只股票总市值: 41996.20亿
2025-12-29 10:21:29,956 - INFO - 2025-12-29 是交易日
2025-12-29 10:21:29,977 - INFO - 程序启动
2025-12-29 10:21:29,977 - INFO - 开始获取当前成交额
2025-12-29 10:22:30,171 - INFO - 程序启动
2025-12-29 10:22:30,172 - INFO - 开始获取当前成交额
2025-12-29 10:22:30,179 - INFO - 开始获取指数数据
2025-12-29 10:22:30,377 - INFO - 获取上证和深证指数的成交量: 上证 409641769893.5, 深证 555404933354.1418
2025-12-29 10:22:30,384 - INFO - 开始估算成交量，已交易分钟数：52，指定成交量：409641769893.5
2025-12-29 10:22:30,387 - INFO - 计算得到的累计比例：amount    0.39399
Name: 3, dtype: float64
2025-12-29 10:22:30,388 - INFO - 估算的成交量：1039727482359
2025-12-29 10:22:30,392 - INFO - 开始估算成交量，已交易分钟数：52，指定成交量：555404933354.1418
2025-12-29 10:22:30,395 - INFO - 计算得到的累计比例：amount    0.39399
Name: 3, dtype: float64
2025-12-29 10:22:30,397 - INFO - 估算的成交量：1409694556285
2025-12-29 10:22:36,736 - INFO - 2025-12-29 是交易日
2025-12-29 10:22:36,786 - INFO - 程序启动
2025-12-29 10:22:36,787 - INFO - 开始获取当前成交额
2025-12-29 10:23:30,176 - INFO - 程序启动
2025-12-29 10:23:30,177 - INFO - 开始获取当前成交额
2025-12-29 10:23:30,182 - INFO - 开始估算成交量，已交易分钟数：53，指定成交量：409641769893.5
2025-12-29 10:23:30,188 - INFO - 计算得到的累计比例：amount    0.398001
Name: 3, dtype: float64
2025-12-29 10:23:30,189 - INFO - 估算的成交量：1029249301865
2025-12-29 10:23:30,196 - INFO - 开始估算成交量，已交易分钟数：53，指定成交量：555404933354.1418
2025-12-29 10:23:30,198 - INFO - 计算得到的累计比例：amount    0.398001
Name: 3, dtype: float64
2025-12-29 10:23:30,199 - INFO - 估算的成交量：1395487916322
2025-12-29 10:23:34,406 - INFO - 开始获取最近 5 个交易日的平均成交额
2025-12-29 10:23:35,523 - INFO - 成功获取上证和深证每日数据
2025-12-29 10:23:35,525 - INFO - 最近 5 个交易日上证平均成交额: 809840293657, 深证平均成交额: 1135512280724
2025-12-29 10:23:35,572 - INFO - 程序启动
2025-12-29 10:23:35,572 - INFO - 开始获取当前成交额
2025-12-29 10:24:30,911 - INFO - 程序启动
2025-12-29 10:24:30,911 - INFO - 开始获取当前成交额
2025-12-29 10:24:30,914 - INFO - 开始估算成交量，已交易分钟数：54，指定成交量：409641769893.5
2025-12-29 10:24:30,917 - INFO - 计算得到的累计比例：amount    0.402012
Name: 3, dtype: float64
2025-12-29 10:24:30,918 - INFO - 估算的成交量：1018980208544
2025-12-29 10:24:30,921 - INFO - 开始估算成交量，已交易分钟数：54，指定成交量：555404933354.1418
2025-12-29 10:24:30,925 - INFO - 计算得到的累计比例：amount    0.402012
Name: 3, dtype: float64
2025-12-29 10:24:30,925 - INFO - 估算的成交量：1381564763190
2025-12-29 10:24:46,495 - INFO - 前 5% 成交量的股票占总成交量的 46.52%
2025-12-29 10:24:46,499 - INFO - 中间股票涨幅为: -0.07
2025-12-29 10:24:46,507 - INFO - 前 5% 成交金额的股票的平均涨幅为: 1.18%
2025-12-29 10:24:46,513 - INFO - 上涨股票数量: 2485, 下跌股票数量: 2970
2025-12-29 10:24:46,513 - INFO - 股票上涨百分比为: 42.90400552486188
2025-12-29 10:24:46,580 - INFO - 涨停板股票数量: 46
2025-12-29 10:24:46,646 - INFO - 跌停板股票数量: 12
2025-12-29 10:24:46,648 - INFO - 开始计算前10只股票的平均市值
2025-12-29 10:24:46,653 - INFO - 前10只股票平均市值: 4510.17亿
2025-12-29 10:24:46,653 - INFO - 前10只股票总市值: 45101.68亿
2025-12-29 10:24:46,872 - INFO - 2025-12-29 是交易日
2025-12-29 10:24:46,891 - INFO - 程序启动
2025-12-29 10:24:46,891 - INFO - 开始获取当前成交额
2025-12-29 10:25:30,897 - INFO - 程序启动
2025-12-29 10:25:30,897 - INFO - 开始获取当前成交额
2025-12-29 10:25:30,899 - INFO - 开始获取指数数据
2025-12-29 10:25:31,111 - INFO - 获取上证和深证指数的成交量: 上证 421127429891.7, 深证 571372436707.6294
2025-12-29 10:25:31,119 - INFO - 开始估算成交量，已交易分钟数：55，指定成交量：421127429891.7
2025-12-29 10:25:31,126 - INFO - 计算得到的累计比例：amount    0.406022
Name: 3, dtype: float64
2025-12-29 10:25:31,127 - INFO - 估算的成交量：1037202242297
2025-12-29 10:25:31,135 - INFO - 开始估算成交量，已交易分钟数：55，指定成交量：571372436707.6294
2025-12-29 10:25:31,139 - INFO - 计算得到的累计比例：amount    0.406022
Name: 3, dtype: float64
2025-12-29 10:25:31,140 - INFO - 估算的成交量：1407243343641
2025-12-29 10:25:35,256 - INFO - 程序启动
2025-12-29 10:25:35,256 - INFO - 开始获取当前成交额
2025-12-29 10:26:30,908 - INFO - 程序启动
2025-12-29 10:26:30,908 - INFO - 开始获取当前成交额
2025-12-29 10:26:30,911 - INFO - 开始估算成交量，已交易分钟数：56，指定成交量：421127429891.7
2025-12-29 10:26:30,914 - INFO - 计算得到的累计比例：amount    0.410033
Name: 3, dtype: float64
2025-12-29 10:26:30,915 - INFO - 估算的成交量：1027056258719
2025-12-29 10:26:30,918 - INFO - 开始估算成交量，已交易分钟数：56，指定成交量：571372436707.6294
2025-12-29 10:26:30,921 - INFO - 计算得到的累计比例：amount    0.410033
Name: 3, dtype: float64
2025-12-29 10:26:30,922 - INFO - 估算的成交量：1393477592593
2025-12-29 10:26:35,359 - INFO - 2025-12-29 是交易日
2025-12-29 10:26:35,394 - INFO - 程序启动
2025-12-29 10:26:35,394 - INFO - 开始获取当前成交额
2025-12-29 10:27:30,175 - INFO - 程序启动
2025-12-29 10:27:30,175 - INFO - 开始获取当前成交额
2025-12-29 10:27:30,191 - INFO - 开始估算成交量，已交易分钟数：57，指定成交量：421127429891.7
2025-12-29 10:27:30,197 - INFO - 计算得到的累计比例：amount    0.414044
Name: 3, dtype: float64
2025-12-29 10:27:30,198 - INFO - 估算的成交量：1017106849652
2025-12-29 10:27:30,206 - INFO - 开始估算成交量，已交易分钟数：57，指定成交量：571372436707.6294
2025-12-29 10:27:30,209 - INFO - 计算得到的累计比例：amount    0.414044
Name: 3, dtype: float64
2025-12-29 10:27:30,209 - INFO - 估算的成交量：1379978547651
2025-12-29 10:27:36,340 - INFO - 开始获取最近 5 个交易日的平均成交额
2025-12-29 10:27:38,044 - INFO - 成功获取上证和深证每日数据
2025-12-29 10:27:38,044 - INFO - 最近 5 个交易日上证平均成交额: 809840293657, 深证平均成交额: 1135512280724
2025-12-29 10:27:38,750 - INFO - 2025-12-29 是交易日
2025-12-29 10:27:38,771 - INFO - 程序启动
2025-12-29 10:27:38,771 - INFO - 开始获取当前成交额
2025-12-29 10:28:30,138 - INFO - 程序启动
2025-12-29 10:28:30,139 - INFO - 开始获取当前成交额
2025-12-29 10:28:30,144 - INFO - 开始估算成交量，已交易分钟数：58，指定成交量：421127429891.7
2025-12-29 10:28:30,146 - INFO - 计算得到的累计比例：amount    0.418055
Name: 3, dtype: float64
2025-12-29 10:28:30,146 - INFO - 估算的成交量：1007348357075
2025-12-29 10:28:30,150 - INFO - 开始估算成交量，已交易分钟数：58，指定成交量：571372436707.6294
2025-12-29 10:28:30,152 - INFO - 计算得到的累计比例：amount    0.418055
Name: 3, dtype: float64
2025-12-29 10:28:30,152 - INFO - 估算的成交量：1366738532190
2025-12-29 10:28:50,057 - INFO - 前 5% 成交量的股票占总成交量的 46.28%
2025-12-29 10:28:50,062 - INFO - 中间股票涨幅为: -0.16
2025-12-29 10:28:50,074 - INFO - 前 5% 成交金额的股票的平均涨幅为: 1.05%
2025-12-29 10:28:50,081 - INFO - 上涨股票数量: 2304, 下跌股票数量: 3151
2025-12-29 10:28:50,081 - INFO - 股票上涨百分比为: 39.77900552486188
2025-12-29 10:28:50,147 - INFO - 涨停板股票数量: 46
2025-12-29 10:28:50,213 - INFO - 跌停板股票数量: 13
2025-12-29 10:28:50,216 - INFO - 开始计算前10只股票的平均市值
2025-12-29 10:28:50,221 - INFO - 前10只股票平均市值: 4517.28亿
2025-12-29 10:28:50,221 - INFO - 前10只股票总市值: 45172.80亿
2025-12-29 10:28:50,734 - INFO - 2025-12-29 是交易日
2025-12-29 10:28:50,754 - INFO - 程序启动
2025-12-29 10:28:50,754 - INFO - 开始获取当前成交额
2025-12-29 10:28:50,755 - INFO - 开始获取指数数据
2025-12-29 10:28:50,757 - INFO - 获取上证和深证指数的成交量: 上证 432665738832.0, 深证 587314485612.5597
2025-12-29 10:28:50,761 - INFO - 开始估算成交量，已交易分钟数：58，指定成交量：432665738832.0
2025-12-29 10:28:50,763 - INFO - 计算得到的累计比例：amount    0.418055
Name: 3, dtype: float64
2025-12-29 10:28:50,763 - INFO - 估算的成交量：1034948308371
2025-12-29 10:28:50,765 - INFO - 开始估算成交量，已交易分钟数：58，指定成交量：587314485612.5597
2025-12-29 10:28:50,768 - INFO - 计算得到的累计比例：amount    0.418055
Name: 3, dtype: float64
2025-12-29 10:28:50,768 - INFO - 估算的成交量：1404872350206
2025-12-29 10:29:50,973 - INFO - 程序启动
2025-12-29 10:29:50,974 - INFO - 开始获取当前成交额
2025-12-29 10:29:50,977 - INFO - 开始估算成交量，已交易分钟数：59，指定成交量：432665738832.0
2025-12-29 10:29:50,980 - INFO - 计算得到的累计比例：amount    0.422066
Name: 3, dtype: float64
2025-12-29 10:29:50,983 - INFO - 估算的成交量：1025113001861
2025-12-29 10:29:50,986 - INFO - 开始估算成交量，已交易分钟数：59，指定成交量：587314485612.5597
2025-12-29 10:29:50,988 - INFO - 计算得到的累计比例：amount    0.422066
Name: 3, dtype: float64
2025-12-29 10:29:50,988 - INFO - 估算的成交量：1391521586636
2025-12-29 10:29:55,926 - INFO - 2025-12-29 是交易日
2025-12-29 10:29:55,949 - INFO - 程序启动
2025-12-29 10:29:55,950 - INFO - 开始获取当前成交额
2025-12-29 10:30:50,977 - INFO - 程序启动
2025-12-29 10:30:50,980 - INFO - 开始获取当前成交额
2025-12-29 10:30:50,983 - INFO - 开始估算成交量，已交易分钟数：60，指定成交量：432665738832.0
2025-12-29 10:30:50,985 - INFO - 计算得到的累计比例：amount    0.426077
Name: 4, dtype: float64
2025-12-29 10:30:50,986 - INFO - 估算的成交量：1015462869109
2025-12-29 10:30:50,991 - INFO - 开始估算成交量，已交易分钟数：60，指定成交量：587314485612.5597
2025-12-29 10:30:50,994 - INFO - 计算得到的累计比例：amount    0.426077
Name: 4, dtype: float64
2025-12-29 10:30:50,994 - INFO - 估算的成交量：1378422183923
2025-12-29 10:30:54,680 - INFO - 开始获取最近 5 个交易日的平均成交额
2025-12-29 10:30:55,810 - INFO - 成功获取上证和深证每日数据
2025-12-29 10:30:55,812 - INFO - 最近 5 个交易日上证平均成交额: 809840293657, 深证平均成交额: 1135512280724
2025-12-29 10:30:55,842 - INFO - 程序启动
2025-12-29 10:30:55,842 - INFO - 开始获取当前成交额
2025-12-29 10:31:50,969 - INFO - 程序启动
2025-12-29 10:31:50,971 - INFO - 开始获取当前成交额
2025-12-29 10:31:50,976 - INFO - 开始获取指数数据
2025-12-29 10:31:51,299 - INFO - 获取上证和深证指数的成交量: 上证 445227882338.4, 深证 605199426187.7987
2025-12-29 10:31:51,302 - INFO - 开始估算成交量，已交易分钟数：61，指定成交量：445227882338.4
2025-12-29 10:31:51,305 - INFO - 计算得到的累计比例：amount    0.429385
Name: 4, dtype: float64
2025-12-29 10:31:51,305 - INFO - 估算的成交量：1036897187053
2025-12-29 10:31:51,310 - INFO - 开始估算成交量，已交易分钟数：61，指定成交量：605199426187.7987
2025-12-29 10:31:51,314 - INFO - 计算得到的累计比例：amount    0.429385
Name: 4, dtype: float64
2025-12-29 10:31:51,315 - INFO - 估算的成交量：1409457061234
2025-12-29 10:32:07,244 - INFO - 前 5% 成交量的股票占总成交量的 46.12%
2025-12-29 10:32:07,249 - INFO - 中间股票涨幅为: -0.21
2025-12-29 10:32:07,259 - INFO - 前 5% 成交金额的股票的平均涨幅为: 0.82%
2025-12-29 10:32:07,267 - INFO - 上涨股票数量: 2203, 下跌股票数量: 3252
2025-12-29 10:32:07,267 - INFO - 股票上涨百分比为: 38.03522099447514
2025-12-29 10:32:07,340 - INFO - 涨停板股票数量: 45
2025-12-29 10:32:07,403 - INFO - 跌停板股票数量: 12
2025-12-29 10:32:07,405 - INFO - 开始计算前10只股票的平均市值
2025-12-29 10:32:07,409 - INFO - 前10只股票平均市值: 4495.46亿
2025-12-29 10:32:07,409 - INFO - 前10只股票总市值: 44954.56亿
2025-12-29 10:32:07,629 - INFO - 2025-12-29 是交易日
2025-12-29 10:32:07,666 - INFO - 程序启动
2025-12-29 10:32:07,667 - INFO - 开始获取当前成交额
2025-12-29 10:32:07,671 - INFO - 开始估算成交量，已交易分钟数：62，指定成交量：445227882338.4
2025-12-29 10:32:07,674 - INFO - 计算得到的累计比例：amount    0.432692
Name: 4, dtype: float64
2025-12-29 10:32:07,675 - INFO - 估算的成交量：1028971308754
2025-12-29 10:32:07,679 - INFO - 开始估算成交量，已交易分钟数：62，指定成交量：605199426187.7987
2025-12-29 10:32:07,682 - INFO - 计算得到的累计比例：amount    0.432692
Name: 4, dtype: float64
2025-12-29 10:32:07,682 - INFO - 估算的成交量：1398683394110
2025-12-29 10:33:07,844 - INFO - 程序启动
2025-12-29 10:33:07,845 - INFO - 开始获取当前成交额
2025-12-29 10:33:07,872 - INFO - 开始估算成交量，已交易分钟数：63，指定成交量：445227882338.4
2025-12-29 10:33:07,876 - INFO - 计算得到的累计比例：amount    0.436
Name: 4, dtype: float64
2025-12-29 10:33:07,877 - INFO - 估算的成交量：1021165679612
2025-12-29 10:33:07,881 - INFO - 开始估算成交量，已交易分钟数：63，指定成交量：605199426187.7987
2025-12-29 10:33:07,885 - INFO - 计算得到的累计比例：amount    0.436
Name: 4, dtype: float64
2025-12-29 10:33:07,886 - INFO - 估算的成交量：1388073181981
2025-12-29 10:33:12,241 - INFO - 2025-12-29 是交易日
2025-12-29 10:33:12,283 - INFO - 程序启动
2025-12-29 10:33:12,283 - INFO - 开始获取当前成交额
2025-12-29 10:34:07,837 - INFO - 程序启动
2025-12-29 10:34:07,872 - INFO - 开始获取当前成交额
2025-12-29 10:34:07,889 - INFO - 开始估算成交量，已交易分钟数：64，指定成交量：445227882338.4
2025-12-29 10:34:07,892 - INFO - 计算得到的累计比例：amount    0.439307
Name: 4, dtype: float64
2025-12-29 10:34:07,893 - INFO - 估算的成交量：1013477583653
2025-12-29 10:34:07,911 - INFO - 开始估算成交量，已交易分钟数：64，指定成交量：605199426187.7987
2025-12-29 10:34:07,913 - INFO - 计算得到的累计比例：amount    0.439307
Name: 4, dtype: float64
2025-12-29 10:34:07,914 - INFO - 估算的成交量：1377622733014
2025-12-29 10:34:12,062 - INFO - 开始获取最近 5 个交易日的平均成交额
2025-12-29 10:34:13,150 - INFO - 成功获取上证和深证每日数据
2025-12-29 10:34:13,151 - INFO - 最近 5 个交易日上证平均成交额: 809840293657, 深证平均成交额: 1135512280724
2025-12-29 10:34:13,333 - INFO - 2025-12-29 是交易日
2025-12-29 10:34:13,377 - INFO - 程序启动
2025-12-29 10:34:13,381 - INFO - 开始获取当前成交额
2025-12-29 10:35:07,841 - INFO - 程序启动
2025-12-29 10:35:07,841 - INFO - 开始获取当前成交额
2025-12-29 10:35:07,842 - INFO - 开始获取指数数据
2025-12-29 10:35:08,099 - INFO - 获取上证和深证指数的成交量: 上证 455944984440.3, 深证 621730379877.7698
2025-12-29 10:35:08,103 - INFO - 开始估算成交量，已交易分钟数：65，指定成交量：455944984440.3
2025-12-29 10:35:08,107 - INFO - 计算得到的累计比例：amount    0.442615
Name: 4, dtype: float64
2025-12-29 10:35:08,108 - INFO - 估算的成交量：1030117559689
2025-12-29 10:35:08,113 - INFO - 开始估算成交量，已交易分钟数：65，指定成交量：621730379877.7698
2025-12-29 10:35:08,121 - INFO - 计算得到的累计比例：amount    0.442615
Name: 4, dtype: float64
2025-12-29 10:35:08,122 - INFO - 估算的成交量：1404676887697
2025-12-29 10:35:24,177 - INFO - 前 5% 成交量的股票占总成交量的 46.00%
2025-12-29 10:35:24,183 - INFO - 中间股票涨幅为: -0.16
2025-12-29 10:35:24,197 - INFO - 前 5% 成交金额的股票的平均涨幅为: 1.15%
2025-12-29 10:35:24,204 - INFO - 上涨股票数量: 2346, 下跌股票数量: 3109
2025-12-29 10:35:24,205 - INFO - 股票上涨百分比为: 40.50414364640884
2025-12-29 10:35:24,279 - INFO - 涨停板股票数量: 46
2025-12-29 10:35:24,365 - INFO - 跌停板股票数量: 13
2025-12-29 10:35:24,367 - INFO - 开始计算前10只股票的平均市值
2025-12-29 10:35:24,371 - INFO - 前10只股票平均市值: 4513.31亿
2025-12-29 10:35:24,371 - INFO - 前10只股票总市值: 45133.09亿
2025-12-29 10:35:24,507 - INFO - 2025-12-29 是交易日
2025-12-29 10:35:24,539 - INFO - 程序启动
2025-12-29 10:35:24,540 - INFO - 开始获取当前成交额
2025-12-29 10:36:24,752 - INFO - 程序启动
2025-12-29 10:36:24,756 - INFO - 开始获取当前成交额
2025-12-29 10:36:24,762 - INFO - 开始估算成交量，已交易分钟数：66，指定成交量：455944984440.3
2025-12-29 10:36:24,773 - INFO - 计算得到的累计比例：amount    0.445922
Name: 4, dtype: float64
2025-12-29 10:36:24,775 - INFO - 估算的成交量：1022477113253
2025-12-29 10:36:24,779 - INFO - 开始估算成交量，已交易分钟数：66，指定成交量：621730379877.7698
2025-12-29 10:36:24,782 - INFO - 计算得到的累计比例：amount    0.445922
Name: 4, dtype: float64
2025-12-29 10:36:24,783 - INFO - 估算的成交量：1394258311273
2025-12-29 10:36:29,408 - INFO - 2025-12-29 是交易日
2025-12-29 10:36:29,450 - INFO - 程序启动
2025-12-29 10:36:29,451 - INFO - 开始获取当前成交额
2025-12-29 10:37:24,751 - INFO - 程序启动
2025-12-29 10:37:24,751 - INFO - 开始获取当前成交额
2025-12-29 10:37:24,756 - INFO - 开始估算成交量，已交易分钟数：67，指定成交量：455944984440.3
2025-12-29 10:37:24,759 - INFO - 计算得到的累计比例：amount    0.449229
Name: 4, dtype: float64
2025-12-29 10:37:24,761 - INFO - 估算的成交量：1014949171701
2025-12-29 10:37:24,765 - INFO - 开始估算成交量，已交易分钟数：67，指定成交量：621730379877.7698
2025-12-29 10:37:24,768 - INFO - 计算得到的累计比例：amount    0.449229
Name: 4, dtype: float64
2025-12-29 10:37:24,769 - INFO - 估算的成交量：1383993147447
2025-12-29 10:37:26,693 - ERROR - 获取指数 399006 当前成交额时发生错误：('Connection aborted.', RemoteDisconnected('Remote end closed connection without response'))
2025-12-29 10:38:24,896 - INFO - 程序启动
2025-12-29 10:38:24,896 - INFO - 开始获取当前成交额
2025-12-29 10:38:24,898 - INFO - 开始获取指数数据
2025-12-29 10:38:25,180 - INFO - 获取上证和深证指数的成交量: 上证 465717334568.0, 深证 635558169997.9675
2025-12-29 10:38:25,187 - INFO - 开始估算成交量，已交易分钟数：68，指定成交量：465717334568.0
2025-12-29 10:38:25,193 - INFO - 计算得到的累计比例：amount    0.452537
Name: 4, dtype: float64
2025-12-29 10:38:25,195 - INFO - 估算的成交量：1029125865530
2025-12-29 10:38:25,200 - INFO - 开始估算成交量，已交易分钟数：68，指定成交量：635558169997.9675
2025-12-29 10:38:25,204 - INFO - 计算得到的累计比例：amount    0.452537
Name: 4, dtype: float64
2025-12-29 10:38:25,205 - INFO - 估算的成交量：1404434199128
2025-12-29 10:38:29,110 - INFO - 开始获取最近 5 个交易日的平均成交额
2025-12-29 10:38:30,633 - INFO - 成功获取上证和深证每日数据
2025-12-29 10:38:30,633 - INFO - 最近 5 个交易日上证平均成交额: 809840293657, 深证平均成交额: 1135512280724
2025-12-29 10:38:41,601 - INFO - 前 5% 成交量的股票占总成交量的 45.86%
2025-12-29 10:38:41,606 - INFO - 中间股票涨幅为: -0.14
2025-12-29 10:38:41,614 - INFO - 前 5% 成交金额的股票的平均涨幅为: 1.36%
2025-12-29 10:38:41,621 - INFO - 上涨股票数量: 2387, 下跌股票数量: 3068
2025-12-29 10:38:41,621 - INFO - 股票上涨百分比为: 41.21201657458563
2025-12-29 10:38:41,686 - INFO - 涨停板股票数量: 48
2025-12-29 10:38:41,747 - INFO - 跌停板股票数量: 13
2025-12-29 10:38:41,749 - INFO - 开始计算前10只股票的平均市值
2025-12-29 10:38:41,753 - INFO - 前10只股票平均市值: 4691.55亿
2025-12-29 10:38:41,754 - INFO - 前10只股票总市值: 46915.49亿
2025-12-29 10:38:41,869 - INFO - 2025-12-29 是交易日
2025-12-29 10:38:41,910 - INFO - 程序启动
2025-12-29 10:38:41,911 - INFO - 开始获取当前成交额
2025-12-29 10:39:24,912 - INFO - 程序启动
2025-12-29 10:39:24,912 - INFO - 开始获取当前成交额
2025-12-29 10:39:24,916 - INFO - 开始估算成交量，已交易分钟数：69，指定成交量：465717334568.0
2025-12-29 10:39:24,919 - INFO - 计算得到的累计比例：amount    0.455844
Name: 4, dtype: float64
2025-12-29 10:39:24,920 - INFO - 估算的成交量：1021658922895
2025-12-29 10:39:24,924 - INFO - 开始估算成交量，已交易分钟数：69，指定成交量：635558169997.9675
2025-12-29 10:39:24,926 - INFO - 计算得到的累计比例：amount    0.455844
Name: 4, dtype: float64
2025-12-29 10:39:24,927 - INFO - 估算的成交量：1394244163146
2025-12-29 10:39:28,693 - INFO - 程序启动
2025-12-29 10:39:28,693 - INFO - 开始获取当前成交额
2025-12-29 10:40:24,896 - INFO - 程序启动
2025-12-29 10:40:24,896 - INFO - 开始获取当前成交额
2025-12-29 10:40:24,899 - INFO - 开始估算成交量，已交易分钟数：70，指定成交量：465717334568.0
2025-12-29 10:40:24,901 - INFO - 计算得到的累计比例：amount    0.459152
Name: 4, dtype: float64
2025-12-29 10:40:24,902 - INFO - 估算的成交量：1014299554289
2025-12-29 10:40:24,905 - INFO - 开始估算成交量，已交易分钟数：70，指定成交量：635558169997.9675
2025-12-29 10:40:24,908 - INFO - 计算得到的累计比例：amount    0.459152
Name: 4, dtype: float64
2025-12-29 10:40:24,909 - INFO - 估算的成交量：1384200931991
2025-12-29 10:40:31,259 - INFO - 2025-12-29 是交易日
2025-12-29 10:40:31,300 - INFO - 程序启动
2025-12-29 10:40:31,300 - INFO - 开始获取当前成交额
2025-12-29 10:41:24,924 - INFO - 程序启动
2025-12-29 10:41:24,924 - INFO - 开始获取当前成交额
2025-12-29 10:41:24,927 - INFO - 开始估算成交量，已交易分钟数：71，指定成交量：465717334568.0
2025-12-29 10:41:24,929 - INFO - 计算得到的累计比例：amount    0.462459
Name: 4, dtype: float64
2025-12-29 10:41:24,929 - INFO - 估算的成交量：1007045451656
2025-12-29 10:41:24,933 - INFO - 开始估算成交量，已交易分钟数：71，指定成交量：635558169997.9675
2025-12-29 10:41:24,936 - INFO - 计算得到的累计比例：amount    0.462459
Name: 4, dtype: float64
2025-12-29 10:41:24,937 - INFO - 估算的成交量：1374301355892
2025-12-29 10:41:28,662 - ERROR - 获取指数 399006 当前成交额时发生错误：('Connection aborted.', RemoteDisconnected('Remote end closed connection without response'))
2025-12-29 10:42:24,909 - INFO - 程序启动
2025-12-29 10:42:24,910 - INFO - 开始获取当前成交额
2025-12-29 10:42:24,911 - INFO - 开始获取指数数据
2025-12-29 10:42:25,202 - INFO - 获取上证和深证指数的成交量: 上证 477119588684.7, 深证 651159994879.7247
2025-12-29 10:42:25,208 - INFO - 开始估算成交量，已交易分钟数：72，指定成交量：477119588684.7
2025-12-29 10:42:25,214 - INFO - 计算得到的累计比例：amount    0.465767
Name: 4, dtype: float64
2025-12-29 10:42:25,215 - INFO - 估算的成交量：1024374993854
2025-12-29 10:42:25,224 - INFO - 开始估算成交量，已交易分钟数：72，指定成交量：651159994879.7247
2025-12-29 10:42:25,228 - INFO - 计算得到的累计比例：amount    0.465767
Name: 4, dtype: float64
2025-12-29 10:42:25,229 - INFO - 估算的成交量：1398039467614
2025-12-29 10:42:29,256 - INFO - 开始获取最近 5 个交易日的平均成交额
2025-12-29 10:42:30,390 - INFO - 成功获取上证和深证每日数据
2025-12-29 10:42:30,391 - INFO - 最近 5 个交易日上证平均成交额: 809840293657, 深证平均成交额: 1135512280724
2025-12-29 10:42:41,268 - INFO - 前 5% 成交量的股票占总成交量的 45.78%
2025-12-29 10:42:41,272 - INFO - 中间股票涨幅为: -0.11
2025-12-29 10:42:41,280 - INFO - 前 5% 成交金额的股票的平均涨幅为: 1.47%
2025-12-29 10:42:41,288 - INFO - 上涨股票数量: 2449, 下跌股票数量: 3006
2025-12-29 10:42:41,288 - INFO - 股票上涨百分比为: 42.28245856353591
2025-12-29 10:42:41,352 - INFO - 涨停板股票数量: 49
2025-12-29 10:42:41,416 - INFO - 跌停板股票数量: 12
2025-12-29 10:42:41,419 - INFO - 开始计算前10只股票的平均市值
2025-12-29 10:42:41,423 - INFO - 前10只股票平均市值: 4710.37亿
2025-12-29 10:42:41,423 - INFO - 前10只股票总市值: 47103.68亿
2025-12-29 10:42:41,578 - INFO - 2025-12-29 是交易日
2025-12-29 10:42:41,599 - INFO - 程序启动
2025-12-29 10:42:41,599 - INFO - 开始获取当前成交额
2025-12-29 10:43:38,910 - INFO - 程序启动
2025-12-29 10:43:38,910 - INFO - 开始获取当前成交额
2025-12-29 10:43:38,913 - INFO - 开始估算成交量，已交易分钟数：73，指定成交量：477119588684.7
2025-12-29 10:43:38,916 - INFO - 计算得到的累计比例：amount    0.469074
Name: 4, dtype: float64
2025-12-29 10:43:38,916 - INFO - 估算的成交量：1017152146562
2025-12-29 10:43:38,919 - INFO - 开始估算成交量，已交易分钟数：73，指定成交量：651159994879.7247
2025-12-29 10:43:38,921 - INFO - 计算得到的累计比例：amount    0.469074
Name: 4, dtype: float64
2025-12-29 10:43:38,921 - INFO - 估算的成交量：1388181919701
2025-12-29 10:43:45,254 - INFO - 2025-12-29 是交易日
2025-12-29 10:43:45,274 - INFO - 程序启动
2025-12-29 10:43:45,274 - INFO - 开始获取当前成交额
2025-12-29 10:44:38,907 - INFO - 程序启动
2025-12-29 10:44:38,908 - INFO - 开始获取当前成交额
2025-12-29 10:44:38,910 - INFO - 开始估算成交量，已交易分钟数：74，指定成交量：477119588684.7
2025-12-29 10:44:38,912 - INFO - 计算得到的累计比例：amount    0.472381
Name: 4, dtype: float64
2025-12-29 10:44:38,913 - INFO - 估算的成交量：1010030442412
2025-12-29 10:44:38,916 - INFO - 开始估算成交量，已交易分钟数：74，指定成交量：651159994879.7247
2025-12-29 10:44:38,918 - INFO - 计算得到的累计比例：amount    0.472381
Name: 4, dtype: float64
2025-12-29 10:44:38,919 - INFO - 估算的成交量：1378462409230
2025-12-29 10:44:43,257 - INFO - 程序启动
2025-12-29 10:44:43,257 - INFO - 开始获取当前成交额
2025-12-29 10:45:38,898 - INFO - 程序启动
2025-12-29 10:45:38,899 - INFO - 开始获取当前成交额
2025-12-29 10:45:38,902 - INFO - 开始获取指数数据
2025-12-29 10:45:39,166 - INFO - 获取上证和深证指数的成交量: 上证 486253606826.5, 深证 664146589698.4916
2025-12-29 10:45:39,173 - INFO - 开始估算成交量，已交易分钟数：75，指定成交量：486253606826.5
2025-12-29 10:45:39,176 - INFO - 计算得到的累计比例：amount    0.475689
Name: 5, dtype: float64
2025-12-29 10:45:39,177 - INFO - 估算的成交量：1022209438096
2025-12-29 10:45:39,180 - INFO - 开始估算成交量，已交易分钟数：75，指定成交量：664146589698.4916
2025-12-29 10:45:39,183 - INFO - 计算得到的累计比例：amount    0.475689
Name: 5, dtype: float64
2025-12-29 10:45:39,184 - INFO - 估算的成交量：1396178666313
2025-12-29 10:45:42,670 - INFO - 开始获取最近 5 个交易日的平均成交额
2025-12-29 10:45:43,717 - INFO - 成功获取上证和深证每日数据
2025-12-29 10:45:43,718 - INFO - 最近 5 个交易日上证平均成交额: 809840293657, 深证平均成交额: 1135512280724
2025-12-29 10:45:57,239 - INFO - 前 5% 成交量的股票占总成交量的 45.60%
2025-12-29 10:45:57,244 - INFO - 中间股票涨幅为: -0.13
2025-12-29 10:45:57,251 - INFO - 前 5% 成交金额的股票的平均涨幅为: 1.54%
2025-12-29 10:45:57,258 - INFO - 上涨股票数量: 2420, 下跌股票数量: 3035
2025-12-29 10:45:57,259 - INFO - 股票上涨百分比为: 41.7817679558011
2025-12-29 10:45:57,321 - INFO - 涨停板股票数量: 51
2025-12-29 10:45:57,385 - INFO - 跌停板股票数量: 10
2025-12-29 10:45:57,386 - INFO - 开始计算前10只股票的平均市值
2025-12-29 10:45:57,390 - INFO - 前10只股票平均市值: 4712.51亿
2025-12-29 10:45:57,390 - INFO - 前10只股票总市值: 47125.12亿
2025-12-29 10:45:57,551 - INFO - 2025-12-29 是交易日
2025-12-29 10:45:57,571 - INFO - 程序启动
2025-12-29 10:45:57,571 - INFO - 开始获取当前成交额
2025-12-29 10:46:38,907 - INFO - 程序启动
2025-12-29 10:46:38,907 - INFO - 开始获取当前成交额
2025-12-29 10:46:38,909 - INFO - 开始估算成交量，已交易分钟数：76，指定成交量：486253606826.5
2025-12-29 10:46:38,911 - INFO - 计算得到的累计比例：amount    0.478685
Name: 5, dtype: float64
2025-12-29 10:46:38,912 - INFO - 估算的成交量：1015810439832
2025-12-29 10:46:38,915 - INFO - 开始估算成交量，已交易分钟数：76，指定成交量：664146589698.4916
2025-12-29 10:46:38,917 - INFO - 计算得到的累计比例：amount    0.478685
Name: 5, dtype: float64
2025-12-29 10:46:38,918 - INFO - 估算的成交量：1387438632688
2025-12-29 10:46:45,123 - INFO - 程序启动
2025-12-29 10:46:45,124 - INFO - 开始获取当前成交额
2025-12-29 10:47:38,900 - INFO - 程序启动
2025-12-29 10:47:38,901 - INFO - 开始获取当前成交额
2025-12-29 10:47:38,905 - INFO - 开始估算成交量，已交易分钟数：77，指定成交量：486253606826.5
2025-12-29 10:47:38,907 - INFO - 计算得到的累计比例：amount    0.481682
Name: 5, dtype: float64
2025-12-29 10:47:38,908 - INFO - 估算的成交量：1009491058218
2025-12-29 10:47:38,910 - INFO - 开始估算成交量，已交易分钟数：77，指定成交量：664146589698.4916
2025-12-29 10:47:38,912 - INFO - 计算得到的累计比例：amount    0.481682
Name: 5, dtype: float64
2025-12-29 10:47:38,913 - INFO - 估算的成交量：1378807342988
2025-12-29 10:47:45,475 - INFO - 2025-12-29 是交易日
2025-12-29 10:47:45,498 - INFO - 程序启动
2025-12-29 10:47:45,498 - INFO - 开始获取当前成交额
2025-12-29 10:48:38,898 - INFO - 程序启动
2025-12-29 10:48:38,899 - INFO - 开始获取当前成交额
2025-12-29 10:48:38,902 - INFO - 开始估算成交量，已交易分钟数：78，指定成交量：486253606826.5
2025-12-29 10:48:38,905 - INFO - 计算得到的累计比例：amount    0.484678
Name: 5, dtype: float64
2025-12-29 10:48:38,906 - INFO - 估算的成交量：1003249816549
2025-12-29 10:48:38,909 - INFO - 开始估算成交量，已交易分钟数：78，指定成交量：664146589698.4916
2025-12-29 10:48:38,911 - INFO - 计算得到的累计比例：amount    0.484678
Name: 5, dtype: float64
2025-12-29 10:48:38,912 - INFO - 估算的成交量：1370282780267
2025-12-29 10:48:43,296 - INFO - 程序启动
2025-12-29 10:48:43,296 - INFO - 开始获取当前成交额
2025-12-29 10:48:43,298 - INFO - 开始获取指数数据
2025-12-29 10:48:43,300 - INFO - 获取上证和深证指数的成交量: 上证 494825340493.4, 深证 676780132515.4417
2025-12-29 10:48:43,303 - INFO - 开始估算成交量，已交易分钟数：78，指定成交量：494825340493.4
2025-12-29 10:48:43,305 - INFO - 计算得到的累计比例：amount    0.484678
Name: 5, dtype: float64
2025-12-29 10:48:43,306 - INFO - 估算的成交量：1020935217970
2025-12-29 10:48:43,309 - INFO - 开始估算成交量，已交易分钟数：78，指定成交量：676780132515.4417
2025-12-29 10:48:43,312 - INFO - 计算得到的累计比例：amount    0.484678
Name: 5, dtype: float64
2025-12-29 10:48:43,313 - INFO - 估算的成交量：1396348601344
2025-12-29 10:49:38,897 - INFO - 程序启动
2025-12-29 10:49:38,897 - INFO - 开始获取当前成交额
2025-12-29 10:49:38,902 - INFO - 开始估算成交量，已交易分钟数：79，指定成交量：494825340493.4
2025-12-29 10:49:38,905 - INFO - 计算得到的累计比例：amount    0.487675
Name: 5, dtype: float64
2025-12-29 10:49:38,906 - INFO - 估算的成交量：1014662006589
2025-12-29 10:49:38,910 - INFO - 开始估算成交量，已交易分钟数：79，指定成交量：676780132515.4417
2025-12-29 10:49:38,912 - INFO - 计算得到的累计比例：amount    0.487675
Name: 5, dtype: float64
2025-12-29 10:49:38,912 - INFO - 估算的成交量：1387768634874
2025-12-29 10:49:42,690 - INFO - 开始获取最近 5 个交易日的平均成交额
2025-12-29 10:49:43,819 - INFO - 成功获取上证和深证每日数据
2025-12-29 10:49:43,820 - INFO - 最近 5 个交易日上证平均成交额: 809840293657, 深证平均成交额: 1135512280724
2025-12-29 10:49:55,038 - INFO - 前 5% 成交量的股票占总成交量的 45.40%
2025-12-29 10:49:55,042 - INFO - 中间股票涨幅为: -0.12
2025-12-29 10:49:55,050 - INFO - 前 5% 成交金额的股票的平均涨幅为: 1.53%
2025-12-29 10:49:55,056 - INFO - 上涨股票数量: 2410, 下跌股票数量: 3045
2025-12-29 10:49:55,056 - INFO - 股票上涨百分比为: 41.60911602209944
2025-12-29 10:49:55,122 - INFO - 涨停板股票数量: 51
2025-12-29 10:49:55,182 - INFO - 跌停板股票数量: 11
2025-12-29 10:49:55,184 - INFO - 开始计算前10只股票的平均市值
2025-12-29 10:49:55,187 - INFO - 前10只股票平均市值: 4710.94亿
2025-12-29 10:49:55,187 - INFO - 前10只股票总市值: 47109.37亿
2025-12-29 10:49:55,352 - INFO - 2025-12-29 是交易日
2025-12-29 10:49:55,371 - INFO - 程序启动
2025-12-29 10:49:55,371 - INFO - 开始获取当前成交额
2025-12-29 10:50:38,911 - INFO - 程序启动
2025-12-29 10:50:38,912 - INFO - 开始获取当前成交额
2025-12-29 10:50:38,916 - INFO - 开始估算成交量，已交易分钟数：80，指定成交量：494825340493.4
2025-12-29 10:50:38,918 - INFO - 计算得到的累计比例：amount    0.490672
Name: 5, dtype: float64
2025-12-29 10:50:38,919 - INFO - 估算的成交量：1008465416816
2025-12-29 10:50:38,922 - INFO - 开始估算成交量，已交易分钟数：80，指定成交量：676780132515.4417
2025-12-29 10:50:38,925 - INFO - 计算得到的累计比例：amount    0.490672
Name: 5, dtype: float64
2025-12-29 10:50:38,925 - INFO - 估算的成交量：1379293464942
2025-12-29 10:50:42,623 - INFO - 程序启动
2025-12-29 10:50:42,624 - INFO - 开始获取当前成交额
2025-12-29 10:51:38,911 - INFO - 程序启动
2025-12-29 10:51:38,912 - INFO - 开始获取当前成交额
2025-12-29 10:51:38,914 - INFO - 开始估算成交量，已交易分钟数：81，指定成交量：494825340493.4
2025-12-29 10:51:38,917 - INFO - 计算得到的累计比例：amount    0.493668
Name: 5, dtype: float64
2025-12-29 10:51:38,917 - INFO - 估算的成交量：1002344053378
2025-12-29 10:51:38,920 - INFO - 开始估算成交量，已交易分钟数：81，指定成交量：676780132515.4417
2025-12-29 10:51:38,923 - INFO - 计算得到的累计比例：amount    0.493668
Name: 5, dtype: float64
2025-12-29 10:51:38,924 - INFO - 估算的成交量：1370921183209
2025-12-29 10:51:42,739 - INFO - 2025-12-29 是交易日
2025-12-29 10:51:42,758 - INFO - 程序启动
2025-12-29 10:51:42,758 - INFO - 开始获取当前成交额
2025-12-29 10:52:38,914 - INFO - 程序启动
2025-12-29 10:52:38,915 - INFO - 开始获取当前成交额
2025-12-29 10:52:38,917 - INFO - 开始获取指数数据
2025-12-29 10:52:39,195 - INFO - 获取上证和深证指数的成交量: 上证 504416916974.8, 深证 689616822165.5917
2025-12-29 10:52:39,202 - INFO - 开始估算成交量，已交易分钟数：82，指定成交量：504416916974.8
2025-12-29 10:52:39,206 - INFO - 计算得到的累计比例：amount    0.496665
Name: 5, dtype: float64
2025-12-29 10:52:39,207 - INFO - 估算的成交量：1015608529666
2025-12-29 10:52:39,212 - INFO - 开始估算成交量，已交易分钟数：82，指定成交量：689616822165.5917
2025-12-29 10:52:39,216 - INFO - 计算得到的累计比例：amount    0.496665
Name: 5, dtype: float64
2025-12-29 10:52:39,217 - INFO - 估算的成交量：1388495713016
2025-12-29 10:52:40,047 - ERROR - 获取指数 399006 当前成交额时发生错误：('Connection aborted.', RemoteDisconnected('Remote end closed connection without response'))
2025-12-29 10:53:38,908 - INFO - 程序启动
2025-12-29 10:53:38,909 - INFO - 开始获取当前成交额
2025-12-29 10:53:38,911 - INFO - 开始估算成交量，已交易分钟数：83，指定成交量：504416916974.8
2025-12-29 10:53:38,913 - INFO - 计算得到的累计比例：amount    0.499661
Name: 5, dtype: float64
2025-12-29 10:53:38,913 - INFO - 估算的成交量：1009517749495
2025-12-29 10:53:38,915 - INFO - 开始估算成交量，已交易分钟数：83，指定成交量：689616822165.5917
2025-12-29 10:53:38,918 - INFO - 计算得到的累计比例：amount    0.499661
Name: 5, dtype: float64
2025-12-29 10:53:38,918 - INFO - 估算的成交量：1380168663854
2025-12-29 10:53:43,172 - INFO - 开始获取最近 5 个交易日的平均成交额
2025-12-29 10:53:44,311 - INFO - 成功获取上证和深证每日数据
2025-12-29 10:53:44,312 - INFO - 最近 5 个交易日上证平均成交额: 809840293657, 深证平均成交额: 1135512280724
2025-12-29 10:54:03,226 - INFO - 前 5% 成交量的股票占总成交量的 45.23%
2025-12-29 10:54:03,230 - INFO - 中间股票涨幅为: -0.12
2025-12-29 10:54:03,238 - INFO - 前 5% 成交金额的股票的平均涨幅为: 1.54%
2025-12-29 10:54:03,243 - INFO - 上涨股票数量: 2435, 下跌股票数量: 3020
2025-12-29 10:54:03,244 - INFO - 股票上涨百分比为: 42.04074585635359
2025-12-29 10:54:03,307 - INFO - 涨停板股票数量: 53
2025-12-29 10:54:03,374 - INFO - 跌停板股票数量: 13
2025-12-29 10:54:03,377 - INFO - 开始计算前10只股票的平均市值
2025-12-29 10:54:03,381 - INFO - 前10只股票平均市值: 4714.01亿
2025-12-29 10:54:03,382 - INFO - 前10只股票总市值: 47140.10亿
2025-12-29 10:54:03,504 - INFO - 2025-12-29 是交易日
2025-12-29 10:54:03,522 - INFO - 程序启动
2025-12-29 10:54:03,523 - INFO - 开始获取当前成交额
2025-12-29 10:54:03,525 - INFO - 开始估算成交量，已交易分钟数：84，指定成交量：504416916974.8
2025-12-29 10:54:03,527 - INFO - 计算得到的累计比例：amount    0.502658
Name: 5, dtype: float64
2025-12-29 10:54:03,527 - INFO - 估算的成交量：1003499588740
2025-12-29 10:54:03,530 - INFO - 开始估算成交量，已交易分钟数：84，指定成交量：689616822165.5917
2025-12-29 10:54:03,531 - INFO - 计算得到的累计比例：amount    0.502658
Name: 5, dtype: float64
2025-12-29 10:54:03,532 - INFO - 估算的成交量：1371940896791
2025-12-29 10:54:38,900 - INFO - 程序启动
2025-12-29 10:54:38,901 - INFO - 开始获取当前成交额
2025-12-29 10:54:42,675 - INFO - 程序启动
2025-12-29 10:54:42,675 - INFO - 开始获取当前成交额
2025-12-29 10:55:38,879 - INFO - 程序启动
2025-12-29 10:55:38,879 - INFO - 开始获取当前成交额
2025-12-29 10:55:38,881 - INFO - 开始估算成交量，已交易分钟数：85，指定成交量：504416916974.8
2025-12-29 10:55:38,884 - INFO - 计算得到的累计比例：amount    0.505654
Name: 5, dtype: float64
2025-12-29 10:55:38,884 - INFO - 估算的成交量：997552756351
2025-12-29 10:55:38,887 - INFO - 开始估算成交量，已交易分钟数：85，指定成交量：689616822165.5917
2025-12-29 10:55:38,889 - INFO - 计算得到的累计比例：amount    0.505654
Name: 5, dtype: float64
2025-12-29 10:55:38,890 - INFO - 估算的成交量：1363810646762
2025-12-29 10:55:45,341 - INFO - 2025-12-29 是交易日
2025-12-29 10:55:45,378 - INFO - 程序启动
2025-12-29 10:55:45,378 - INFO - 开始获取当前成交额
2025-12-29 10:55:45,380 - INFO - 开始获取指数数据
2025-12-29 10:55:45,382 - INFO - 获取上证和深证指数的成交量: 上证 511763685096.3, 深证 700366240234.5396
2025-12-29 10:55:45,385 - INFO - 开始估算成交量，已交易分钟数：85，指定成交量：511763685096.3
2025-12-29 10:55:45,388 - INFO - 计算得到的累计比例：amount    0.505654
Name: 5, dtype: float64
2025-12-29 10:55:45,388 - INFO - 估算的成交量：1012081985136
2025-12-29 10:55:45,391 - INFO - 开始估算成交量，已交易分钟数：85，指定成交量：700366240234.5396
2025-12-29 10:55:45,394 - INFO - 计算得到的累计比例：amount    0.505654
Name: 5, dtype: float64
2025-12-29 10:55:45,394 - INFO - 估算的成交量：1385069076571
2025-12-29 10:56:24,757 - INFO - 程序启动
2025-12-29 10:56:24,760 - INFO - 开始获取当前成交额
2025-12-29 10:56:24,765 - INFO - 开始估算成交量，已交易分钟数：86，指定成交量：511763685096.3
2025-12-29 10:56:24,770 - INFO - 计算得到的累计比例：amount    0.508651
Name: 5, dtype: float64
2025-12-29 10:56:24,771 - INFO - 估算的成交量：1006119626160
2025-12-29 10:56:24,778 - INFO - 开始估算成交量，已交易分钟数：86，指定成交量：700366240234.5396
2025-12-29 10:56:24,780 - INFO - 计算得到的累计比例：amount    0.508651
Name: 5, dtype: float64
2025-12-29 10:56:24,781 - INFO - 估算的成交量：1376909382829
2025-12-29 10:56:30,895 - INFO - 程序启动
2025-12-29 10:56:30,895 - INFO - 开始获取当前成交额
2025-12-29 10:57:24,736 - INFO - 程序启动
2025-12-29 10:57:24,737 - INFO - 开始获取当前成交额
2025-12-29 10:57:24,741 - INFO - 开始估算成交量，已交易分钟数：87，指定成交量：511763685096.3
2025-12-29 10:57:24,743 - INFO - 计算得到的累计比例：amount    0.511647
Name: 5, dtype: float64
2025-12-29 10:57:24,743 - INFO - 估算的成交量：1000227106430
2025-12-29 10:57:24,748 - INFO - 开始估算成交量，已交易分钟数：87，指定成交量：700366240234.5396
2025-12-29 10:57:24,752 - INFO - 计算得到的累计比例：amount    0.511647
Name: 5, dtype: float64
2025-12-29 10:57:24,753 - INFO - 估算的成交量：1368845266502
2025-12-29 10:57:30,829 - INFO - 开始获取最近 5 个交易日的平均成交额
2025-12-29 10:57:31,945 - INFO - 成功获取上证和深证每日数据
2025-12-29 10:57:31,946 - INFO - 最近 5 个交易日上证平均成交额: 809840293657, 深证平均成交额: 1135512280724
2025-12-29 12:16:10,352 - INFO - 程序启动
2025-12-29 12:16:10,367 - INFO - 开始获取当前成交额
2025-12-29 12:16:10,370 - INFO - 开始获取指数数据
2025-12-29 12:16:10,621 - INFO - 获取上证和深证指数的成交量: 上证 588244920206.2, 深证 808116411068.708
2025-12-29 12:16:10,625 - INFO - 开始估算成交量，已交易分钟数：120，指定成交量：588244920206.2
2025-12-29 12:16:10,626 - INFO - 开始获取成交量曲线，天数：3
2025-12-29 12:16:14,668 - INFO - 成功获取上证和深证分钟数据
2025-12-29 12:16:14,763 - INFO - 数据处理完成，共48条记录
2025-12-29 12:16:14,772 - INFO - 成功计算3天的百分比数据
2025-12-29 12:16:14,786 - INFO - 成功生成成交量曲线:[np.float64(0.18502995807323533), np.float64(0.10064811477982027), np.float64(0.08023465568287132), np.float64(0.06016463184205797), np.float64(0.04961146492973223), np.float64(0.04494832669246431), np.float64(0.04129479848423584), np.float64(0.055394058013632314), np.float64(0.048707196821988895), np.float64(0.04579462496454148), np.float64(0.044834701640232795), np.float64(0.03930007713278793), np.float64(0.04078328567442776), np.float64(0.03916487195766107), np.float64(0.04893806062291295), np.float64(0.07515117268739753)]
2025-12-29 12:16:14,791 - INFO - 计算得到的累计比例：amount    0.617326
Name: 8, dtype: float64
2025-12-29 12:16:14,791 - INFO - 估算的成交量：952891846623
2025-12-29 12:16:14,795 - INFO - 开始估算成交量，已交易分钟数：120，指定成交量：808116411068.708
2025-12-29 12:16:14,798 - INFO - 计算得到的累计比例：amount    0.617326
Name: 8, dtype: float64
2025-12-29 12:16:14,799 - INFO - 估算的成交量：1309059394783
2025-12-29 12:16:19,166 - INFO - 开始获取最近 5 个交易日的平均成交额
2025-12-29 12:16:20,162 - INFO - 成功获取上证和深证每日数据
2025-12-29 12:16:20,163 - INFO - 最近 5 个交易日上证平均成交额: 809840293657, 深证平均成交额: 1135512280724
2025-12-29 12:16:38,307 - INFO - 前 5% 成交量的股票占总成交量的 44.03%
2025-12-29 12:16:38,313 - INFO - 中间股票涨幅为: -0.34
2025-12-29 12:16:38,326 - INFO - 前 5% 成交金额的股票的平均涨幅为: 1.58%
2025-12-29 12:16:38,333 - INFO - 上涨股票数量: 2009, 下跌股票数量: 3446
2025-12-29 12:16:38,334 - INFO - 股票上涨百分比为: 34.68577348066299
2025-12-29 12:16:38,406 - INFO - 涨停板股票数量: 56
2025-12-29 12:16:38,472 - INFO - 跌停板股票数量: 13
2025-12-29 12:16:38,475 - INFO - 开始计算前10只股票的平均市值
2025-12-29 12:16:38,479 - INFO - 前10只股票平均市值: 4766.96亿
2025-12-29 12:16:38,480 - INFO - 前10只股票总市值: 47669.63亿
2025-12-29 12:16:39,717 - INFO - 2025-12-29 是交易日
2025-12-29 12:16:39,850 - INFO - 程序启动
2025-12-29 12:16:39,858 - INFO - 开始获取当前成交额
2025-12-29 12:17:39,930 - INFO - 程序启动
2025-12-29 12:17:39,930 - INFO - 开始获取当前成交额
2025-12-29 12:17:44,353 - INFO - 2025-12-29 是交易日
2025-12-29 12:17:44,426 - INFO - 程序启动
2025-12-29 12:17:44,427 - INFO - 开始获取当前成交额
2025-12-29 12:18:39,911 - INFO - 程序启动
2025-12-29 12:18:39,914 - INFO - 开始获取当前成交额
2025-12-29 12:18:43,399 - INFO - 程序启动
2025-12-29 12:18:43,399 - INFO - 开始获取当前成交额
2025-12-29 12:19:39,943 - INFO - 程序启动
2025-12-29 12:19:39,945 - INFO - 开始获取当前成交额
2025-12-29 12:19:39,951 - INFO - 开始获取指数数据
2025-12-29 12:19:40,133 - INFO - 获取上证和深证指数的成交量: 上证 588244920206.2, 深证 808116411068.708
2025-12-29 12:19:40,137 - INFO - 开始估算成交量，已交易分钟数：120，指定成交量：588244920206.2
2025-12-29 12:19:40,141 - INFO - 计算得到的累计比例：amount    0.617326
Name: 8, dtype: float64
2025-12-29 12:19:40,142 - INFO - 估算的成交量：952891846623
2025-12-29 12:19:40,145 - INFO - 开始估算成交量，已交易分钟数：120，指定成交量：808116411068.708
2025-12-29 12:19:40,148 - INFO - 计算得到的累计比例：amount    0.617326
Name: 8, dtype: float64
2025-12-29 12:19:40,149 - INFO - 估算的成交量：1309059394783
2025-12-29 12:19:44,251 - INFO - 开始获取最近 5 个交易日的平均成交额
2025-12-29 12:19:45,156 - INFO - 成功获取上证和深证每日数据
2025-12-29 12:19:45,157 - INFO - 最近 5 个交易日上证平均成交额: 809840293657, 深证平均成交额: 1135512280724
2025-12-29 12:19:59,277 - INFO - 前 5% 成交量的股票占总成交量的 44.03%
2025-12-29 12:19:59,290 - INFO - 中间股票涨幅为: -0.34
2025-12-29 12:19:59,306 - INFO - 前 5% 成交金额的股票的平均涨幅为: 1.58%
2025-12-29 12:19:59,317 - INFO - 上涨股票数量: 2009, 下跌股票数量: 3446
2025-12-29 12:19:59,318 - INFO - 股票上涨百分比为: 34.68577348066299
2025-12-29 12:19:59,400 - INFO - 涨停板股票数量: 56
2025-12-29 12:19:59,475 - INFO - 跌停板股票数量: 13
2025-12-29 12:19:59,478 - INFO - 开始计算前10只股票的平均市值
2025-12-29 12:19:59,481 - INFO - 前10只股票平均市值: 4766.96亿
2025-12-29 12:19:59,481 - INFO - 前10只股票总市值: 47669.63亿
2025-12-29 12:19:59,604 - INFO - 2025-12-29 是交易日
2025-12-29 12:19:59,633 - INFO - 程序启动
2025-12-29 12:19:59,633 - INFO - 开始获取当前成交额
2025-12-29 12:20:59,838 - INFO - 程序启动
2025-12-29 12:20:59,838 - INFO - 开始获取当前成交额
2025-12-29 12:21:03,558 - INFO - 2025-12-29 是交易日
2025-12-29 12:21:03,606 - INFO - 程序启动
2025-12-29 12:21:03,610 - INFO - 开始获取当前成交额
2025-12-29 12:21:59,837 - INFO - 程序启动
2025-12-29 12:21:59,840 - INFO - 开始获取当前成交额
2025-12-29 12:22:03,724 - INFO - 2025-12-29 是交易日
2025-12-29 12:22:03,762 - INFO - 程序启动
2025-12-29 12:22:03,764 - INFO - 开始获取当前成交额
2025-12-29 12:22:59,852 - INFO - 程序启动
2025-12-29 12:22:59,852 - INFO - 开始获取当前成交额
2025-12-29 12:22:59,854 - INFO - 开始获取指数数据
2025-12-29 12:23:00,004 - INFO - 获取上证和深证指数的成交量: 上证 588244920206.2, 深证 808116411068.708
2025-12-29 12:23:00,011 - INFO - 开始估算成交量，已交易分钟数：120，指定成交量：588244920206.2
2025-12-29 12:23:00,019 - INFO - 计算得到的累计比例：amount    0.617326
Name: 8, dtype: float64
2025-12-29 12:23:00,027 - INFO - 估算的成交量：952891846623
2025-12-29 12:23:00,038 - INFO - 开始估算成交量，已交易分钟数：120，指定成交量：808116411068.708
2025-12-29 12:23:00,042 - INFO - 计算得到的累计比例：amount    0.617326
Name: 8, dtype: float64
2025-12-29 12:23:00,042 - INFO - 估算的成交量：1309059394783
2025-12-29 12:23:03,720 - INFO - 开始获取最近 5 个交易日的平均成交额
2025-12-29 12:23:04,634 - INFO - 成功获取上证和深证每日数据
2025-12-29 12:23:04,635 - INFO - 最近 5 个交易日上证平均成交额: 809840293657, 深证平均成交额: 1135512280724
2025-12-29 12:23:17,049 - INFO - 前 5% 成交量的股票占总成交量的 44.03%
2025-12-29 12:23:17,053 - INFO - 中间股票涨幅为: -0.34
2025-12-29 12:23:17,066 - INFO - 前 5% 成交金额的股票的平均涨幅为: 1.58%
2025-12-29 12:23:17,071 - INFO - 上涨股票数量: 2009, 下跌股票数量: 3446
2025-12-29 12:23:17,071 - INFO - 股票上涨百分比为: 34.68577348066299
2025-12-29 12:23:17,141 - INFO - 涨停板股票数量: 56
2025-12-29 12:23:17,206 - INFO - 跌停板股票数量: 13
2025-12-29 12:23:17,208 - INFO - 开始计算前10只股票的平均市值
2025-12-29 12:23:17,212 - INFO - 前10只股票平均市值: 4766.96亿
2025-12-29 12:23:17,213 - INFO - 前10只股票总市值: 47669.63亿
2025-12-29 12:23:17,355 - INFO - 2025-12-29 是交易日
2025-12-29 12:23:17,380 - INFO - 程序启动
2025-12-29 12:23:17,380 - INFO - 开始获取当前成交额
2025-12-29 12:24:17,876 - INFO - 程序启动
2025-12-29 12:24:17,877 - INFO - 开始获取当前成交额
2025-12-29 12:24:21,481 - INFO - 2025-12-29 是交易日
2025-12-29 12:24:21,516 - INFO - 程序启动
2025-12-29 12:24:21,517 - INFO - 开始获取当前成交额
2025-12-29 12:25:17,906 - INFO - 程序启动
2025-12-29 12:25:17,906 - INFO - 开始获取当前成交额
2025-12-29 12:25:21,399 - INFO - 程序启动
2025-12-29 12:25:21,399 - INFO - 开始获取当前成交额
2025-12-29 12:26:17,932 - INFO - 程序启动
2025-12-29 12:26:17,933 - INFO - 开始获取当前成交额
2025-12-29 12:26:17,935 - INFO - 开始获取指数数据
2025-12-29 12:26:18,357 - INFO - 获取上证和深证指数的成交量: 上证 588244920206.2, 深证 808116411068.708
2025-12-29 12:26:18,362 - INFO - 开始估算成交量，已交易分钟数：120，指定成交量：588244920206.2
2025-12-29 12:26:18,365 - INFO - 计算得到的累计比例：amount    0.617326
Name: 8, dtype: float64
2025-12-29 12:26:18,366 - INFO - 估算的成交量：952891846623
2025-12-29 12:26:18,369 - INFO - 开始估算成交量，已交易分钟数：120，指定成交量：808116411068.708
2025-12-29 12:26:18,372 - INFO - 计算得到的累计比例：amount    0.617326
Name: 8, dtype: float64
2025-12-29 12:26:18,373 - INFO - 估算的成交量：1309059394783
2025-12-29 12:26:21,692 - INFO - 开始获取最近 5 个交易日的平均成交额
2025-12-29 12:26:22,686 - INFO - 成功获取上证和深证每日数据
2025-12-29 12:26:22,687 - INFO - 最近 5 个交易日上证平均成交额: 809840293657, 深证平均成交额: 1135512280724
2025-12-29 12:26:33,865 - INFO - 前 5% 成交量的股票占总成交量的 44.03%
2025-12-29 12:26:33,870 - INFO - 中间股票涨幅为: -0.34
2025-12-29 12:26:33,877 - INFO - 前 5% 成交金额的股票的平均涨幅为: 1.58%
2025-12-29 12:26:33,881 - INFO - 上涨股票数量: 2009, 下跌股票数量: 3446
2025-12-29 12:26:33,882 - INFO - 股票上涨百分比为: 34.68577348066299
2025-12-29 12:26:33,945 - INFO - 涨停板股票数量: 56
2025-12-29 12:26:34,008 - INFO - 跌停板股票数量: 13
2025-12-29 12:26:34,010 - INFO - 开始计算前10只股票的平均市值
2025-12-29 12:26:34,013 - INFO - 前10只股票平均市值: 4766.96亿
2025-12-29 12:26:34,013 - INFO - 前10只股票总市值: 47669.63亿
2025-12-29 12:26:34,142 - INFO - 2025-12-29 是交易日
2025-12-29 12:26:34,159 - INFO - 程序启动
2025-12-29 12:26:34,159 - INFO - 开始获取当前成交额
2025-12-29 15:14:13,112 - INFO - 程序启动
2025-12-29 15:14:13,133 - INFO - 开始获取当前成交额
2025-12-29 15:14:13,143 - INFO - 开始获取指数数据
2025-12-29 15:14:13,977 - INFO - 获取上证和深证指数的成交量: 上证 903819726764.6, 深证 1235517815463.6504
2025-12-29 15:14:18,663 - INFO - 开始获取最近 5 个交易日的平均成交额
2025-12-29 15:14:19,699 - INFO - 成功获取上证和深证每日数据
2025-12-29 15:14:19,706 - INFO - 最近 5 个交易日上证平均成交额: 809840293657, 深证平均成交额: 1135512280724
2025-12-29 15:14:30,713 - INFO - 前 5% 成交量的股票占总成交量的 41.84%
2025-12-29 15:14:30,719 - INFO - 中间股票涨幅为: -0.38
2025-12-29 15:14:30,727 - INFO - 前 5% 成交金额的股票的平均涨幅为: 0.93%
2025-12-29 15:14:30,733 - INFO - 上涨股票数量: 2124, 下跌股票数量: 3332
2025-12-29 15:14:30,733 - INFO - 股票上涨百分比为: 36.671270718232044
2025-12-29 15:14:30,816 - INFO - 涨停板股票数量: 77
2025-12-29 15:14:30,882 - INFO - 跌停板股票数量: 19
2025-12-29 15:14:30,885 - INFO - 开始计算前10只股票的平均市值
2025-12-29 15:14:32,007 - INFO - 前10只股票平均市值: 4706.94亿
2025-12-29 15:14:32,009 - INFO - 前10只股票总市值: 47069.39亿
2025-12-29 15:14:32,665 - INFO - 2025-12-29 是交易日
2025-12-29 15:14:32,716 - INFO - 程序启动
2025-12-29 15:14:32,717 - INFO - 开始获取当前成交额
2025-12-29 17:05:22,177 - INFO - 程序启动
2025-12-29 17:05:22,178 - INFO - 开始获取当前成交额
2025-12-29 17:05:22,180 - INFO - 开始获取指数数据
2025-12-29 17:05:22,456 - INFO - 获取上证和深证指数的成交量: 上证 903819726764.6, 深证 1235517815463.6504
2025-12-29 17:05:26,317 - INFO - 开始获取最近 5 个交易日的平均成交额
2025-12-29 17:05:27,375 - INFO - 成功获取上证和深证每日数据
2025-12-29 17:05:27,376 - INFO - 最近 5 个交易日上证平均成交额: 809840293657, 深证平均成交额: 1135512280724
2025-12-29 17:05:37,531 - INFO - 前 5% 成交量的股票占总成交量的 41.84%
2025-12-29 17:05:37,535 - INFO - 中间股票涨幅为: -0.38
2025-12-29 17:05:37,548 - INFO - 前 5% 成交金额的股票的平均涨幅为: 0.93%
2025-12-29 17:05:37,558 - INFO - 上涨股票数量: 2124, 下跌股票数量: 3332
2025-12-29 17:05:37,563 - INFO - 股票上涨百分比为: 36.671270718232044
2025-12-29 17:05:37,640 - INFO - 涨停板股票数量: 77
2025-12-29 17:05:37,709 - INFO - 跌停板股票数量: 19
2025-12-29 17:05:37,711 - INFO - 开始计算前10只股票的平均市值
2025-12-29 17:05:37,715 - INFO - 前10只股票平均市值: 4706.94亿
2025-12-29 17:05:37,715 - INFO - 前10只股票总市值: 47069.39亿
2025-12-29 17:05:38,105 - INFO - 2025-12-29 是交易日
2025-12-29 17:05:38,124 - INFO - 程序启动
2025-12-29 17:05:38,124 - INFO - 开始获取当前成交额
2025-12-31 09:35:39,117 - INFO - 程序启动
2025-12-31 09:35:39,118 - INFO - 开始获取当前成交额
2025-12-31 09:35:39,120 - INFO - 开始获取指数数据
2025-12-31 09:35:39,491 - INFO - 获取上证和深证指数的成交量: 上证 90730607946.9, 深证 144026143457.178
2025-12-31 09:35:39,497 - INFO - 开始估算成交量，已交易分钟数：5，指定成交量：90730607946.9
2025-12-31 09:35:39,498 - INFO - 开始获取成交量曲线，天数：3
2025-12-31 09:35:42,764 - INFO - 成功获取上证和深证分钟数据
2025-12-31 09:35:42,835 - INFO - 数据处理完成，共48条记录
2025-12-31 09:35:42,842 - INFO - 成功计算3天的百分比数据
2025-12-31 09:35:42,849 - INFO - 成功生成成交量曲线:[np.float64(0.20816130239922423), np.float64(0.10384875306102544), np.float64(0.07387306793978893), np.float64(0.060316285820254834), np.float64(0.050368544010237985), np.float64(0.042468552408495924), np.float64(0.0416407669236955), np.float64(0.05664388341495372), np.float64(0.05375455108253991), np.float64(0.045023740700555114), np.float64(0.037506703199381715), np.float64(0.03740258785553693), np.float64(0.04066645365040925), np.float64(0.03713776879038497), np.float64(0.04574670676052897), np.float64(0.06544033198298657)]
2025-12-31 09:35:42,855 - INFO - 计算得到的累计比例：amount    0.069387
Name: 0, dtype: float64
2025-12-31 09:35:42,855 - INFO - 估算的成交量：1307600503568
2025-12-31 09:35:42,857 - INFO - 开始估算成交量，已交易分钟数：5，指定成交量：144026143457.178
2025-12-31 09:35:42,859 - INFO - 计算得到的累计比例：amount    0.069387
Name: 0, dtype: float64
2025-12-31 09:35:42,859 - INFO - 估算的成交量：2075690464036
2025-12-31 09:35:46,693 - INFO - 开始获取最近 5 个交易日的平均成交额
2025-12-31 09:35:47,597 - INFO - 成功获取上证和深证每日数据
2025-12-31 09:35:47,598 - INFO - 最近 5 个交易日上证平均成交额: 848788936769, 深证平均成交额: 1200598956864
2025-12-31 09:36:05,667 - INFO - 前 5% 成交量的股票占总成交量的 56.16%
2025-12-31 09:36:05,670 - INFO - 中间股票涨幅为: -0.03
2025-12-31 09:36:05,677 - INFO - 前 5% 成交金额的股票的平均涨幅为: 0.58%
2025-12-31 09:36:05,683 - INFO - 上涨股票数量: 2549, 下跌股票数量: 2909
2025-12-31 09:36:05,684 - INFO - 股票上涨百分比为: 44.00897790055249
2025-12-31 09:36:05,778 - INFO - 涨停板股票数量: 20
2025-12-31 09:36:05,860 - INFO - 跌停板股票数量: 3
2025-12-31 09:36:05,861 - INFO - 开始计算前10只股票的平均市值
2025-12-31 09:36:05,863 - INFO - 前10只股票平均市值: 766.00亿
2025-12-31 09:36:05,864 - INFO - 前10只股票总市值: 7660.03亿
2025-12-31 09:36:06,060 - INFO - 2025-12-31 是交易日
2025-12-31 09:36:06,097 - INFO - 程序启动
2025-12-31 09:36:06,097 - INFO - 开始获取当前成交额
2025-12-31 09:36:06,100 - INFO - 开始估算成交量，已交易分钟数：6，指定成交量：90730607946.9
2025-12-31 09:36:06,103 - INFO - 计算得到的累计比例：amount    0.083265
Name: 0, dtype: float64
2025-12-31 09:36:06,103 - INFO - 估算的成交量：1089667086307
2025-12-31 09:36:06,104 - INFO - 开始估算成交量，已交易分钟数：6，指定成交量：144026143457.178
2025-12-31 09:36:06,106 - INFO - 计算得到的累计比例：amount    0.083265
Name: 0, dtype: float64
2025-12-31 09:36:06,106 - INFO - 估算的成交量：1729742053363
2025-12-31 09:37:10,041 - INFO - 程序启动
2025-12-31 09:37:10,075 - INFO - 开始获取当前成交额
2025-12-31 09:37:10,095 - INFO - 开始获取指数数据
2025-12-31 09:37:10,707 - INFO - 获取上证和深证指数的成交量: 上证 107050555754.9, 深证 166870848117.5059
2025-12-31 09:37:10,710 - INFO - 开始估算成交量，已交易分钟数：7，指定成交量：107050555754.9
2025-12-31 09:37:10,711 - INFO - 开始获取成交量曲线，天数：3
2025-12-31 09:37:15,929 - INFO - 成功获取上证和深证分钟数据
2025-12-31 09:37:15,971 - INFO - 数据处理完成，共48条记录
2025-12-31 09:37:15,979 - INFO - 成功计算3天的百分比数据
2025-12-31 09:37:15,990 - INFO - 成功生成成交量曲线:[np.float64(0.20816130239922423), np.float64(0.10384875306102544), np.float64(0.07387306793978893), np.float64(0.060316285820254834), np.float64(0.050368544010237985), np.float64(0.042468552408495924), np.float64(0.0416407669236955), np.float64(0.05664388341495372), np.float64(0.05375455108253991), np.float64(0.045023740700555114), np.float64(0.037506703199381715), np.float64(0.03740258785553693), np.float64(0.04066645365040925), np.float64(0.03713776879038497), np.float64(0.04574670676052897), np.float64(0.06544033198298657)]
2025-12-31 09:37:15,994 - INFO - 计算得到的累计比例：amount    0.097142
Name: 0, dtype: float64
2025-12-31 09:37:15,994 - INFO - 估算的成交量：1102001406612
2025-12-31 09:37:15,997 - INFO - 开始估算成交量，已交易分钟数：7，指定成交量：166870848117.5059
2025-12-31 09:37:15,999 - INFO - 计算得到的累计比例：amount    0.097142
Name: 0, dtype: float64
2025-12-31 09:37:16,002 - INFO - 估算的成交量：1717804340681
2025-12-31 09:37:21,998 - INFO - 开始获取最近 5 个交易日的平均成交额
2025-12-31 09:37:22,989 - INFO - 成功获取上证和深证每日数据
2025-12-31 09:37:22,990 - INFO - 最近 5 个交易日上证平均成交额: 848788936769, 深证平均成交额: 1200598956864
2025-12-31 09:37:34,237 - INFO - 前 5% 成交量的股票占总成交量的 55.08%
2025-12-31 09:37:34,241 - INFO - 中间股票涨幅为: -0.16
2025-12-31 09:37:34,261 - INFO - 前 5% 成交金额的股票的平均涨幅为: 0.77%
2025-12-31 09:37:34,270 - INFO - 上涨股票数量: 2209, 下跌股票数量: 3249
2025-12-31 09:37:34,271 - INFO - 股票上涨百分比为: 38.13881215469613
2025-12-31 09:37:34,357 - INFO - 涨停板股票数量: 18
2025-12-31 09:37:34,453 - INFO - 跌停板股票数量: 3
2025-12-31 09:37:34,456 - INFO - 开始计算前10只股票的平均市值
2025-12-31 09:37:34,460 - INFO - 前10只股票平均市值: 789.35亿
2025-12-31 09:37:34,460 - INFO - 前10只股票总市值: 7893.50亿
2025-12-31 09:37:34,669 - INFO - 2025-12-31 是交易日
2025-12-31 09:37:34,898 - INFO - 程序启动
2025-12-31 09:37:34,938 - INFO - 开始获取当前成交额
2025-12-31 09:38:34,907 - INFO - 程序启动
2025-12-31 09:38:34,910 - INFO - 开始获取当前成交额
2025-12-31 09:38:34,921 - INFO - 开始估算成交量，已交易分钟数：8，指定成交量：107050555754.9
2025-12-31 09:38:34,926 - INFO - 计算得到的累计比例：amount    0.111019
Name: 0, dtype: float64
2025-12-31 09:38:34,928 - INFO - 估算的成交量：964251230785
2025-12-31 09:38:34,943 - INFO - 开始估算成交量，已交易分钟数：8，指定成交量：166870848117.5059
2025-12-31 09:38:34,954 - INFO - 计算得到的累计比例：amount    0.111019
Name: 0, dtype: float64
2025-12-31 09:38:34,955 - INFO - 估算的成交量：1503078798095
2025-12-31 09:38:40,279 - INFO - 2025-12-31 是交易日
2025-12-31 09:38:40,483 - INFO - 程序启动
2025-12-31 09:38:40,492 - INFO - 开始获取当前成交额
2025-12-31 09:39:34,896 - INFO - 程序启动
2025-12-31 09:39:34,897 - INFO - 开始获取当前成交额
2025-12-31 09:39:34,899 - INFO - 开始估算成交量，已交易分钟数：9，指定成交量：107050555754.9
2025-12-31 09:39:34,903 - INFO - 计算得到的累计比例：amount    0.124897
Name: 0, dtype: float64
2025-12-31 09:39:34,904 - INFO - 估算的成交量：857112205142
2025-12-31 09:39:34,908 - INFO - 开始估算成交量，已交易分钟数：9，指定成交量：166870848117.5059
2025-12-31 09:39:34,911 - INFO - 计算得到的累计比例：amount    0.124897
Name: 0, dtype: float64
2025-12-31 09:39:34,911 - INFO - 估算的成交量：1336070042751
2025-12-31 09:39:38,612 - INFO - 程序启动
2025-12-31 09:39:38,616 - INFO - 开始获取当前成交额
2025-12-31 09:40:34,910 - INFO - 程序启动
2025-12-31 09:40:34,911 - INFO - 开始获取当前成交额
2025-12-31 09:40:34,916 - INFO - 开始获取指数数据
2025-12-31 09:40:35,108 - INFO - 获取上证和深证指数的成交量: 上证 139744969725.6, 深证 216059075923.9212
2025-12-31 09:40:35,111 - INFO - 开始估算成交量，已交易分钟数：10，指定成交量：139744969725.6
2025-12-31 09:40:35,117 - INFO - 计算得到的累计比例：amount    0.138774
Name: 0, dtype: float64
2025-12-31 09:40:35,119 - INFO - 估算的成交量：1006995306872
2025-12-31 09:40:35,125 - INFO - 开始估算成交量，已交易分钟数：10，指定成交量：216059075923.9212
2025-12-31 09:40:35,130 - INFO - 计算得到的累计比例：amount    0.138774
Name: 0, dtype: float64
2025-12-31 09:40:35,131 - INFO - 估算的成交量：1556910963519
2025-12-31 09:40:40,853 - INFO - 开始获取最近 5 个交易日的平均成交额
2025-12-31 09:40:41,956 - INFO - 成功获取上证和深证每日数据
2025-12-31 09:40:41,957 - INFO - 最近 5 个交易日上证平均成交额: 848788936769, 深证平均成交额: 1200598956864
2025-12-31 09:40:57,147 - INFO - 前 5% 成交量的股票占总成交量的 53.31%
2025-12-31 09:40:57,153 - INFO - 中间股票涨幅为: -0.28
2025-12-31 09:40:57,163 - INFO - 前 5% 成交金额的股票的平均涨幅为: 0.38%
2025-12-31 09:40:57,187 - INFO - 上涨股票数量: 1925, 下跌股票数量: 3533
2025-12-31 09:40:57,187 - INFO - 股票上涨百分比为: 33.235497237569064
2025-12-31 09:40:57,255 - INFO - 涨停板股票数量: 17
2025-12-31 09:40:57,322 - INFO - 跌停板股票数量: 4
2025-12-31 09:40:57,324 - INFO - 开始计算前10只股票的平均市值
2025-12-31 09:40:57,327 - INFO - 前10只股票平均市值: 818.83亿
2025-12-31 09:40:57,328 - INFO - 前10只股票总市值: 8188.31亿
2025-12-31 09:40:57,573 - INFO - 2025-12-31 是交易日
2025-12-31 09:40:57,597 - INFO - 程序启动
2025-12-31 09:40:57,598 - INFO - 开始获取当前成交额
2025-12-31 09:41:34,915 - INFO - 程序启动
2025-12-31 09:41:34,915 - INFO - 开始获取当前成交额
2025-12-31 09:41:34,917 - INFO - 开始估算成交量，已交易分钟数：11，指定成交量：139744969725.6
2025-12-31 09:41:34,920 - INFO - 计算得到的累计比例：amount    0.152652
Name: 0, dtype: float64
2025-12-31 09:41:34,920 - INFO - 估算的成交量：915450278974
2025-12-31 09:41:34,922 - INFO - 开始估算成交量，已交易分钟数：11，指定成交量：216059075923.9212
2025-12-31 09:41:34,924 - INFO - 计算得到的累计比例：amount    0.152652
Name: 0, dtype: float64
2025-12-31 09:41:34,925 - INFO - 估算的成交量：1415373603199
2025-12-31 09:41:39,115 - INFO - 程序启动
2025-12-31 09:41:39,115 - INFO - 开始获取当前成交额
2025-12-31 09:42:34,917 - INFO - 程序启动
2025-12-31 09:42:34,917 - INFO - 开始获取当前成交额
2025-12-31 09:42:34,919 - INFO - 开始估算成交量，已交易分钟数：12，指定成交量：139744969725.6
2025-12-31 09:42:34,922 - INFO - 计算得到的累计比例：amount    0.166529
Name: 0, dtype: float64
2025-12-31 09:42:34,924 - INFO - 估算的成交量：839162755726
2025-12-31 09:42:34,929 - INFO - 开始估算成交量，已交易分钟数：12，指定成交量：216059075923.9212
2025-12-31 09:42:34,932 - INFO - 计算得到的累计比例：amount    0.166529
Name: 0, dtype: float64
2025-12-31 09:42:34,933 - INFO - 估算的成交量：1297425802933
2025-12-31 09:42:39,755 - INFO - 2025-12-31 是交易日
2025-12-31 09:42:39,805 - INFO - 程序启动
2025-12-31 09:42:39,806 - INFO - 开始获取当前成交额
2025-12-31 09:43:34,893 - INFO - 程序启动
2025-12-31 09:43:34,893 - INFO - 开始获取当前成交额
2025-12-31 09:43:34,895 - INFO - 开始估算成交量，已交易分钟数：13，指定成交量：139744969725.6
2025-12-31 09:43:34,897 - INFO - 计算得到的累计比例：amount    0.180406
Name: 0, dtype: float64
2025-12-31 09:43:34,898 - INFO - 估算的成交量：774611774516
2025-12-31 09:43:34,901 - INFO - 开始估算成交量，已交易分钟数：13，指定成交量：216059075923.9212
2025-12-31 09:43:34,903 - INFO - 计算得到的累计比例：amount    0.180406
Name: 0, dtype: float64
2025-12-31 09:43:34,904 - INFO - 估算的成交量：1197623818092
2025-12-31 09:43:39,003 - INFO - 程序启动
2025-12-31 09:43:39,004 - INFO - 开始获取当前成交额
2025-12-31 09:43:39,005 - INFO - 开始获取指数数据
2025-12-31 09:43:39,008 - INFO - 获取上证和深证指数的成交量: 上证 164337012195.6, 深证 252214375015.2477
2025-12-31 09:43:39,018 - INFO - 开始估算成交量，已交易分钟数：13，指定成交量：164337012195.6
2025-12-31 09:43:39,026 - INFO - 计算得到的累计比例：amount    0.180406
Name: 0, dtype: float64
2025-12-31 09:43:39,026 - INFO - 估算的成交量：910926417499
2025-12-31 09:43:39,036 - INFO - 开始估算成交量，已交易分钟数：13，指定成交量：252214375015.2477
2025-12-31 09:43:39,038 - INFO - 计算得到的累计比例：amount    0.180406
Name: 0, dtype: float64
2025-12-31 09:43:39,038 - INFO - 估算的成交量：1398034039957
2025-12-31 09:44:34,909 - INFO - 程序启动
2025-12-31 09:44:34,909 - INFO - 开始获取当前成交额
2025-12-31 09:44:34,912 - INFO - 开始估算成交量，已交易分钟数：14，指定成交量：164337012195.6
2025-12-31 09:44:34,917 - INFO - 计算得到的累计比例：amount    0.194284
Name: 0, dtype: float64
2025-12-31 09:44:34,917 - INFO - 估算的成交量：845860244820
2025-12-31 09:44:34,921 - INFO - 开始估算成交量，已交易分钟数：14，指定成交量：252214375015.2477
2025-12-31 09:44:34,923 - INFO - 计算得到的累计比例：amount    0.194284
Name: 0, dtype: float64
2025-12-31 09:44:34,924 - INFO - 估算的成交量：1298174465675
2025-12-31 09:44:39,142 - INFO - 开始获取最近 5 个交易日的平均成交额
2025-12-31 09:44:40,240 - INFO - 成功获取上证和深证每日数据
2025-12-31 09:44:40,241 - INFO - 最近 5 个交易日上证平均成交额: 848788936769, 深证平均成交额: 1200598956864
2025-12-31 09:44:58,447 - INFO - 前 5% 成交量的股票占总成交量的 51.74%
2025-12-31 09:44:58,467 - INFO - 中间股票涨幅为: -0.42
2025-12-31 09:44:58,492 - INFO - 前 5% 成交金额的股票的平均涨幅为: 0.65%
2025-12-31 09:44:58,522 - INFO - 上涨股票数量: 1662, 下跌股票数量: 3796
2025-12-31 09:44:58,524 - INFO - 股票上涨百分比为: 28.69475138121547
2025-12-31 09:44:58,721 - INFO - 涨停板股票数量: 20
2025-12-31 09:44:58,836 - INFO - 跌停板股票数量: 3
2025-12-31 09:44:58,839 - INFO - 开始计算前10只股票的平均市值
2025-12-31 09:44:58,845 - INFO - 前10只股票平均市值: 825.22亿
2025-12-31 09:44:58,846 - INFO - 前10只股票总市值: 8252.22亿
2025-12-31 09:44:59,027 - INFO - 2025-12-31 是交易日
2025-12-31 09:44:59,123 - INFO - 程序启动
2025-12-31 09:44:59,123 - INFO - 开始获取当前成交额
2025-12-31 09:45:34,917 - INFO - 程序启动
2025-12-31 09:45:34,917 - INFO - 开始获取当前成交额
2025-12-31 09:45:34,920 - INFO - 开始估算成交量，已交易分钟数：15，指定成交量：164337012195.6
2025-12-31 09:45:34,923 - INFO - 计算得到的累计比例：amount    0.208161
Name: 1, dtype: float64
2025-12-31 09:45:34,924 - INFO - 估算的成交量：789469561832
2025-12-31 09:45:34,926 - INFO - 开始估算成交量，已交易分钟数：15，指定成交量：252214375015.2477
2025-12-31 09:45:34,930 - INFO - 计算得到的累计比例：amount    0.208161
Name: 1, dtype: float64
2025-12-31 09:45:34,930 - INFO - 估算的成交量：1211629501296
2025-12-31 09:45:38,910 - INFO - 程序启动
2025-12-31 09:45:38,911 - INFO - 开始获取当前成交额
2025-12-31 09:46:34,897 - INFO - 程序启动
2025-12-31 09:46:34,899 - INFO - 开始获取当前成交额
2025-12-31 09:46:34,902 - INFO - 开始估算成交量，已交易分钟数：16，指定成交量：164337012195.6
2025-12-31 09:46:34,906 - INFO - 计算得到的累计比例：amount    0.215085
Name: 1, dtype: float64
2025-12-31 09:46:34,906 - INFO - 估算的成交量：764057716867
2025-12-31 09:46:34,909 - INFO - 开始估算成交量，已交易分钟数：16，指定成交量：252214375015.2477
2025-12-31 09:46:34,912 - INFO - 计算得到的累计比例：amount    0.215085
Name: 1, dtype: float64
2025-12-31 09:46:34,912 - INFO - 估算的成交量：1172628958995
2025-12-31 09:46:38,781 - INFO - 2025-12-31 是交易日
2025-12-31 09:46:38,801 - INFO - 程序启动
2025-12-31 09:46:38,802 - INFO - 开始获取当前成交额
2025-12-31 14:41:10,325 - INFO - 程序启动
2025-12-31 14:41:10,353 - INFO - 开始获取当前成交额
2025-12-31 14:41:10,356 - INFO - 开始获取指数数据
2025-12-31 14:41:10,909 - INFO - 获取上证和深证指数的成交量: 上证 761908308068.9, 深证 1114282868284.1665
2025-12-31 14:41:10,917 - INFO - 开始估算成交量，已交易分钟数：221，指定成交量：761908308068.9
2025-12-31 14:41:10,919 - INFO - 开始获取成交量曲线，天数：3
2025-12-31 14:41:15,450 - INFO - 成功获取上证和深证分钟数据
2025-12-31 14:41:15,527 - INFO - 数据处理完成，共48条记录
2025-12-31 14:41:15,534 - INFO - 成功计算3天的百分比数据
2025-12-31 14:41:15,543 - INFO - 成功生成成交量曲线:[np.float64(0.20816130239922423), np.float64(0.10384875306102544), np.float64(0.07387306793978893), np.float64(0.060316285820254834), np.float64(0.050368544010237985), np.float64(0.042468552408495924), np.float64(0.0416407669236955), np.float64(0.05664388341495372), np.float64(0.05375455108253991), np.float64(0.045023740700555114), np.float64(0.037506703199381715), np.float64(0.03740258785553693), np.float64(0.04066645365040925), np.float64(0.03713776879038497), np.float64(0.04574670676052897), np.float64(0.06544033198298657)]
2025-12-31 14:41:15,549 - INFO - 计算得到的累计比例：amount    0.922361
Name: 14, dtype: float64
2025-12-31 14:41:15,549 - INFO - 估算的成交量：826041737361
2025-12-31 14:41:15,552 - INFO - 开始估算成交量，已交易分钟数：221，指定成交量：1114282868284.1665
2025-12-31 14:41:15,556 - INFO - 计算得到的累计比例：amount    0.922361
Name: 14, dtype: float64
2025-12-31 14:41:15,556 - INFO - 估算的成交量：1208077332511
2025-12-31 14:41:19,050 - INFO - 开始获取最近 5 个交易日的平均成交额
2025-12-31 14:41:20,186 - INFO - 成功获取上证和深证每日数据
2025-12-31 14:41:20,187 - INFO - 最近 5 个交易日上证平均成交额: 848788936769, 深证平均成交额: 1200598956864
2025-12-31 14:41:30,297 - INFO - 前 5% 成交量的股票占总成交量的 43.45%
2025-12-31 14:41:30,304 - INFO - 中间股票涨幅为: 0.0
2025-12-31 14:41:30,342 - INFO - 前 5% 成交金额的股票的平均涨幅为: 1.48%
2025-12-31 14:41:30,349 - INFO - 上涨股票数量: 2695, 下跌股票数量: 2763
2025-12-31 14:41:30,349 - INFO - 股票上涨百分比为: 46.52969613259669
2025-12-31 14:41:30,451 - INFO - 涨停板股票数量: 58
2025-12-31 14:41:30,544 - INFO - 跌停板股票数量: 12
2025-12-31 14:41:30,546 - INFO - 开始计算前10只股票的平均市值
2025-12-31 14:41:30,551 - INFO - 前10只股票平均市值: 2738.66亿
2025-12-31 14:41:30,551 - INFO - 前10只股票总市值: 27386.60亿
2025-12-31 14:41:30,712 - INFO - 2025-12-31 是交易日
2025-12-31 14:41:30,793 - INFO - 程序启动
2025-12-31 14:41:30,794 - INFO - 开始获取当前成交额
2025-12-31 14:42:31,087 - INFO - 程序启动
2025-12-31 14:42:31,088 - INFO - 开始获取当前成交额
2025-12-31 14:42:31,093 - INFO - 开始估算成交量，已交易分钟数：222，指定成交量：761908308068.9
2025-12-31 14:42:31,114 - INFO - 计算得到的累计比例：amount    0.92541
Name: 14, dtype: float64
2025-12-31 14:42:31,126 - INFO - 估算的成交量：823319435838
2025-12-31 14:42:31,134 - INFO - 开始估算成交量，已交易分钟数：222，指定成交量：1114282868284.1665
2025-12-31 14:42:31,140 - INFO - 计算得到的累计比例：amount    0.92541
Name: 14, dtype: float64
2025-12-31 14:42:31,141 - INFO - 估算的成交量：1204095995232
2025-12-31 14:42:37,911 - INFO - 2025-12-31 是交易日
2025-12-31 14:42:37,977 - INFO - 程序启动
2025-12-31 14:42:37,980 - INFO - 开始获取当前成交额
2025-12-31 14:43:31,134 - INFO - 程序启动
2025-12-31 14:43:31,134 - INFO - 开始获取当前成交额
2025-12-31 14:43:31,137 - INFO - 开始估算成交量，已交易分钟数：223，指定成交量：761908308068.9
2025-12-31 14:43:31,142 - INFO - 计算得到的累计比例：amount    0.92846
Name: 14, dtype: float64
2025-12-31 14:43:31,142 - INFO - 估算的成交量：820615018598
2025-12-31 14:43:31,147 - INFO - 开始估算成交量，已交易分钟数：223，指定成交量：1114282868284.1665
2025-12-31 14:43:31,151 - INFO - 计算得到的累计比例：amount    0.92846
Name: 14, dtype: float64
2025-12-31 14:43:31,152 - INFO - 估算的成交量：1200140813530
2025-12-31 14:43:35,411 - INFO - 程序启动
2025-12-31 14:43:35,411 - INFO - 开始获取当前成交额
2025-12-31 14:44:31,136 - INFO - 程序启动
2025-12-31 14:44:31,139 - INFO - 开始获取当前成交额
2025-12-31 14:44:31,141 - INFO - 开始获取指数数据
2025-12-31 14:44:31,420 - INFO - 获取上证和深证指数的成交量: 上证 770766832583.8, 深证 1127401891891.42
2025-12-31 14:44:31,427 - INFO - 开始估算成交量，已交易分钟数：224，指定成交量：770766832583.8
2025-12-31 14:44:31,433 - INFO - 计算得到的累计比例：amount    0.93151
Name: 14, dtype: float64
2025-12-31 14:44:31,434 - INFO - 估算的成交量：827438165576
2025-12-31 14:44:31,438 - INFO - 开始估算成交量，已交易分钟数：224，指定成交量：1127401891891.42
2025-12-31 14:44:31,442 - INFO - 计算得到的累计比例：amount    0.93151
Name: 14, dtype: float64
2025-12-31 14:44:31,443 - INFO - 估算的成交量：1210295142262
2025-12-31 14:44:35,365 - INFO - 开始获取最近 5 个交易日的平均成交额
2025-12-31 14:44:37,016 - INFO - 成功获取上证和深证每日数据
2025-12-31 14:44:37,016 - INFO - 最近 5 个交易日上证平均成交额: 848788936769, 深证平均成交额: 1200598956864
2025-12-31 14:44:48,957 - INFO - 前 5% 成交量的股票占总成交量的 43.36%
2025-12-31 14:44:48,963 - INFO - 中间股票涨幅为: 0.0
2025-12-31 14:44:48,976 - INFO - 前 5% 成交金额的股票的平均涨幅为: 1.54%
2025-12-31 14:44:48,985 - INFO - 上涨股票数量: 2723, 下跌股票数量: 2735
2025-12-31 14:44:48,985 - INFO - 股票上涨百分比为: 47.01312154696133
2025-12-31 14:44:49,056 - INFO - 涨停板股票数量: 59
2025-12-31 14:44:49,129 - INFO - 跌停板股票数量: 10
2025-12-31 14:44:49,130 - INFO - 开始计算前10只股票的平均市值
2025-12-31 14:44:49,134 - INFO - 前10只股票平均市值: 2739.61亿
2025-12-31 14:44:49,135 - INFO - 前10只股票总市值: 27396.09亿
2025-12-31 14:44:49,723 - INFO - 2025-12-31 是交易日
2025-12-31 14:44:49,749 - INFO - 程序启动
2025-12-31 14:44:49,749 - INFO - 开始获取当前成交额
2025-12-31 14:45:49,986 - INFO - 程序启动
2025-12-31 14:45:49,988 - INFO - 开始获取当前成交额
2025-12-31 14:45:49,993 - INFO - 开始估算成交量，已交易分钟数：225，指定成交量：770766832583.8
2025-12-31 14:45:49,997 - INFO - 计算得到的累计比例：amount    0.93456
Name: 15, dtype: float64
2025-12-31 14:45:49,999 - INFO - 估算的成交量：824737958379
2025-12-31 14:45:50,003 - INFO - 开始估算成交量，已交易分钟数：225，指定成交量：1127401891891.42
2025-12-31 14:45:50,006 - INFO - 计算得到的累计比例：amount    0.93456
Name: 15, dtype: float64
2025-12-31 14:45:50,007 - INFO - 估算的成交量：1206345544831
2025-12-31 14:45:56,765 - INFO - 2025-12-31 是交易日
2025-12-31 14:45:56,827 - INFO - 程序启动
2025-12-31 14:45:56,830 - INFO - 开始获取当前成交额
2025-12-31 14:46:49,984 - INFO - 程序启动
2025-12-31 14:46:49,985 - INFO - 开始获取当前成交额
2025-12-31 14:46:49,994 - INFO - 开始估算成交量，已交易分钟数：226，指定成交量：770766832583.8
2025-12-31 14:46:49,998 - INFO - 计算得到的累计比例：amount    0.938922
Name: 15, dtype: float64
2025-12-31 14:46:49,998 - INFO - 估算的成交量：820905825693
2025-12-31 14:46:50,001 - INFO - 开始估算成交量，已交易分钟数：226，指定成交量：1127401891891.42
2025-12-31 14:46:50,004 - INFO - 计算得到的累计比例：amount    0.938922
Name: 15, dtype: float64
2025-12-31 14:46:50,005 - INFO - 估算的成交量：1200740278157
2025-12-31 14:46:56,893 - INFO - 2025-12-31 是交易日
2025-12-31 14:46:56,914 - INFO - 程序启动
2025-12-31 14:46:56,914 - INFO - 开始获取当前成交额
2025-12-31 14:47:49,963 - INFO - 程序启动
2025-12-31 14:47:49,964 - INFO - 开始获取当前成交额
2025-12-31 14:47:49,973 - INFO - 开始获取指数数据
2025-12-31 14:47:50,207 - INFO - 获取上证和深证指数的成交量: 上证 780852681930.2, 深证 1141947327551.5603
2025-12-31 14:47:50,210 - INFO - 开始估算成交量，已交易分钟数：227，指定成交量：780852681930.2
2025-12-31 14:47:50,213 - INFO - 计算得到的累计比例：amount    0.943285
Name: 15, dtype: float64
2025-12-31 14:47:50,213 - INFO - 估算的成交量：827801400605
2025-12-31 14:47:50,216 - INFO - 开始估算成交量，已交易分钟数：227，指定成交量：1141947327551.5603
2025-12-31 14:47:50,219 - INFO - 计算得到的累计比例：amount    0.943285
Name: 15, dtype: float64
2025-12-31 14:47:50,220 - INFO - 估算的成交量：1210606839216
2025-12-31 14:47:54,026 - INFO - 开始获取最近 5 个交易日的平均成交额
2025-12-31 14:47:55,360 - INFO - 成功获取上证和深证每日数据
2025-12-31 14:47:55,361 - INFO - 最近 5 个交易日上证平均成交额: 848788936769, 深证平均成交额: 1200598956864
2025-12-31 14:48:07,901 - INFO - 前 5% 成交量的股票占总成交量的 43.24%
2025-12-31 14:48:07,907 - INFO - 中间股票涨幅为: 0.0
2025-12-31 14:48:07,919 - INFO - 前 5% 成交金额的股票的平均涨幅为: 1.55%
2025-12-31 14:48:07,925 - INFO - 上涨股票数量: 2750, 下跌股票数量: 2708
2025-12-31 14:48:07,925 - INFO - 股票上涨百分比为: 47.4792817679558
2025-12-31 14:48:08,005 - INFO - 涨停板股票数量: 60
2025-12-31 14:48:08,073 - INFO - 跌停板股票数量: 12
2025-12-31 14:48:08,076 - INFO - 开始计算前10只股票的平均市值
2025-12-31 14:48:08,082 - INFO - 前10只股票平均市值: 3826.32亿
2025-12-31 14:48:08,083 - INFO - 前10只股票总市值: 38263.22亿
2025-12-31 14:48:08,740 - INFO - 2025-12-31 是交易日
2025-12-31 14:48:08,863 - INFO - 程序启动
2025-12-31 14:48:08,868 - INFO - 开始获取当前成交额
2025-12-31 14:48:08,885 - INFO - 开始估算成交量，已交易分钟数：228，指定成交量：780852681930.2
2025-12-31 14:48:08,891 - INFO - 计算得到的累计比例：amount    0.947648
Name: 15, dtype: float64
2025-12-31 14:48:08,892 - INFO - 估算的成交量：823990448743
2025-12-31 14:48:08,902 - INFO - 开始估算成交量，已交易分钟数：228，指定成交量：1141947327551.5603
2025-12-31 14:48:08,906 - INFO - 计算得到的累计比例：amount    0.947648
Name: 15, dtype: float64
2025-12-31 14:48:08,906 - INFO - 估算的成交量：1205033564775
2025-12-31 14:49:08,996 - INFO - 程序启动
2025-12-31 14:49:08,997 - INFO - 开始获取当前成交额
2025-12-31 14:49:09,010 - INFO - 开始估算成交量，已交易分钟数：229，指定成交量：780852681930.2
2025-12-31 14:49:09,013 - INFO - 计算得到的累计比例：amount    0.95201
Name: 15, dtype: float64
2025-12-31 14:49:09,014 - INFO - 估算的成交量：820214425064
2025-12-31 14:49:09,017 - INFO - 开始估算成交量，已交易分钟数：229，指定成交量：1141947327551.5603
2025-12-31 14:49:09,021 - INFO - 计算得到的累计比例：amount    0.95201
Name: 15, dtype: float64
2025-12-31 14:49:09,022 - INFO - 估算的成交量：1199511370577
2025-12-31 14:49:13,665 - INFO - 2025-12-31 是交易日
2025-12-31 14:49:13,707 - INFO - 程序启动
2025-12-31 14:49:13,712 - INFO - 开始获取当前成交额
2025-12-31 14:50:08,986 - INFO - 程序启动
2025-12-31 14:50:08,986 - INFO - 开始获取当前成交额
2025-12-31 14:50:08,996 - INFO - 开始估算成交量，已交易分钟数：230，指定成交量：780852681930.2
2025-12-31 14:50:08,999 - INFO - 计算得到的累计比例：amount    0.956373
Name: 15, dtype: float64
2025-12-31 14:50:09,000 - INFO - 估算的成交量：816472851571
2025-12-31 14:50:09,003 - INFO - 开始估算成交量，已交易分钟数：230，指定成交量：1141947327551.5603
2025-12-31 14:50:09,006 - INFO - 计算得到的累计比例：amount    0.956373
Name: 15, dtype: float64
2025-12-31 14:50:09,006 - INFO - 估算的成交量：1194039557584
2025-12-31 14:50:12,966 - INFO - 程序启动
2025-12-31 14:50:12,967 - INFO - 开始获取当前成交额
2025-12-31 14:51:09,008 - INFO - 程序启动
2025-12-31 14:51:09,009 - INFO - 开始获取当前成交额
2025-12-31 14:51:09,011 - INFO - 开始获取指数数据
2025-12-31 14:51:09,278 - INFO - 获取上证和深证指数的成交量: 上证 792799998874.6, 深证 1160280466818.4211
2025-12-31 14:51:09,281 - INFO - 开始估算成交量，已交易分钟数：231，指定成交量：792799998874.6
2025-12-31 14:51:09,286 - INFO - 计算得到的累计比例：amount    0.960736
Name: 15, dtype: float64
2025-12-31 14:51:09,287 - INFO - 估算的成交量：825200849396
2025-12-31 14:51:09,291 - INFO - 开始估算成交量，已交易分钟数：231，指定成交量：1160280466818.4211
2025-12-31 14:51:09,295 - INFO - 计算得到的累计比例：amount    0.960736
Name: 15, dtype: float64
2025-12-31 14:51:09,295 - INFO - 估算的成交量：1207699833648
2025-12-31 14:51:12,795 - INFO - 开始获取最近 5 个交易日的平均成交额
2025-12-31 14:51:14,009 - INFO - 成功获取上证和深证每日数据
2025-12-31 14:51:14,010 - INFO - 最近 5 个交易日上证平均成交额: 848788936769, 深证平均成交额: 1200598956864
2025-12-31 14:51:26,369 - INFO - 前 5% 成交量的股票占总成交量的 43.13%
2025-12-31 14:51:26,377 - INFO - 中间股票涨幅为: 0.0
2025-12-31 14:51:26,401 - INFO - 前 5% 成交金额的股票的平均涨幅为: 1.57%
2025-12-31 14:51:26,407 - INFO - 上涨股票数量: 2743, 下跌股票数量: 2715
2025-12-31 14:51:26,407 - INFO - 股票上涨百分比为: 47.35842541436464
2025-12-31 14:51:26,491 - INFO - 涨停板股票数量: 61
2025-12-31 14:51:26,592 - INFO - 跌停板股票数量: 11
2025-12-31 14:51:26,594 - INFO - 开始计算前10只股票的平均市值
2025-12-31 14:51:26,600 - INFO - 前10只股票平均市值: 3826.34亿
2025-12-31 14:51:26,601 - INFO - 前10只股票总市值: 38263.36亿
2025-12-31 14:51:27,184 - INFO - 2025-12-31 是交易日
2025-12-31 14:51:27,207 - INFO - 程序启动
2025-12-31 14:51:27,208 - INFO - 开始获取当前成交额
2025-12-31 14:52:27,413 - INFO - 程序启动
2025-12-31 14:52:27,415 - INFO - 开始获取当前成交额
2025-12-31 14:52:27,418 - INFO - 开始估算成交量，已交易分钟数：232，指定成交量：792799998874.6
2025-12-31 14:52:27,420 - INFO - 计算得到的累计比例：amount    0.965098
Name: 15, dtype: float64
2025-12-31 14:52:27,421 - INFO - 估算的成交量：821470562238
2025-12-31 14:52:27,424 - INFO - 开始估算成交量，已交易分钟数：232，指定成交量：1160280466818.4211
2025-12-31 14:52:27,427 - INFO - 计算得到的累计比例：amount    0.965098
Name: 15, dtype: float64
2025-12-31 14:52:27,427 - INFO - 估算的成交量：1202240475258
2025-12-31 14:52:34,583 - INFO - 2025-12-31 是交易日
2025-12-31 14:52:34,605 - INFO - 程序启动
2025-12-31 14:52:34,606 - INFO - 开始获取当前成交额
2025-12-31 14:53:27,450 - INFO - 程序启动
2025-12-31 14:53:27,450 - INFO - 开始获取当前成交额
2025-12-31 14:53:27,452 - INFO - 开始估算成交量，已交易分钟数：233，指定成交量：792799998874.6
2025-12-31 14:53:27,461 - INFO - 计算得到的累计比例：amount    0.969461
Name: 15, dtype: float64
2025-12-31 14:53:27,462 - INFO - 估算的成交量：817773848537
2025-12-31 14:53:27,468 - INFO - 开始估算成交量，已交易分钟数：233，指定成交量：1160280466818.4211
2025-12-31 14:53:27,472 - INFO - 计算得到的累计比例：amount    0.969461
Name: 15, dtype: float64
2025-12-31 14:53:27,474 - INFO - 估算的成交量：1196830252371
2025-12-31 14:53:31,889 - INFO - 程序启动
2025-12-31 14:53:31,896 - INFO - 开始获取当前成交额
2025-12-31 14:54:27,449 - INFO - 程序启动
2025-12-31 14:54:27,449 - INFO - 开始获取当前成交额
2025-12-31 14:54:27,452 - INFO - 开始获取指数数据
2025-12-31 14:54:27,672 - INFO - 获取上证和深证指数的成交量: 上证 806524651756.6, 深证 1180108791196.9644
2025-12-31 14:54:27,677 - INFO - 开始估算成交量，已交易分钟数：234，指定成交量：806524651756.6
2025-12-31 14:54:27,680 - INFO - 计算得到的累计比例：amount    0.973824
Name: 15, dtype: float64
2025-12-31 14:54:27,681 - INFO - 估算的成交量：828203825061
2025-12-31 14:54:27,685 - INFO - 开始估算成交量，已交易分钟数：234，指定成交量：1180108791196.9644
2025-12-31 14:54:27,689 - INFO - 计算得到的累计比例：amount    0.973824
Name: 15, dtype: float64
2025-12-31 14:54:27,691 - INFO - 估算的成交量：1211829809205
2025-12-31 14:54:33,676 - INFO - 开始获取最近 5 个交易日的平均成交额
2025-12-31 14:54:34,934 - INFO - 成功获取上证和深证每日数据
2025-12-31 14:54:34,936 - INFO - 最近 5 个交易日上证平均成交额: 848788936769, 深证平均成交额: 1200598956864
2025-12-31 14:54:45,635 - INFO - 前 5% 成交量的股票占总成交量的 43.03%
2025-12-31 14:54:45,642 - INFO - 中间股票涨幅为: 0.0
2025-12-31 14:54:45,655 - INFO - 前 5% 成交金额的股票的平均涨幅为: 1.58%
2025-12-31 14:54:45,666 - INFO - 上涨股票数量: 2706, 下跌股票数量: 2752
2025-12-31 14:54:45,667 - INFO - 股票上涨百分比为: 46.719613259668506
2025-12-31 14:54:45,741 - INFO - 涨停板股票数量: 61
2025-12-31 14:54:45,811 - INFO - 跌停板股票数量: 11
2025-12-31 14:54:45,813 - INFO - 开始计算前10只股票的平均市值
2025-12-31 14:54:45,816 - INFO - 前10只股票平均市值: 3827.82亿
2025-12-31 14:54:45,817 - INFO - 前10只股票总市值: 38278.20亿
2025-12-31 14:54:46,149 - INFO - 2025-12-31 是交易日
2025-12-31 14:54:46,170 - INFO - 程序启动
2025-12-31 14:54:46,171 - INFO - 开始获取当前成交额
2025-12-31 14:55:46,366 - INFO - 程序启动
2025-12-31 14:55:46,367 - INFO - 开始获取当前成交额
2025-12-31 14:55:46,372 - INFO - 开始估算成交量，已交易分钟数：235，指定成交量：806524651756.6
2025-12-31 14:55:46,375 - INFO - 计算得到的累计比例：amount    0.978187
Name: 15, dtype: float64
2025-12-31 14:55:46,376 - INFO - 估算的成交量：824510055678
2025-12-31 14:55:46,381 - INFO - 开始估算成交量，已交易分钟数：235，指定成交量：1180108791196.9644
2025-12-31 14:55:46,385 - INFO - 计算得到的累计比例：amount    0.978187
Name: 15, dtype: float64
2025-12-31 14:55:46,388 - INFO - 估算的成交量：1206425077048
2025-12-31 14:55:53,176 - INFO - 2025-12-31 是交易日
2025-12-31 14:55:53,215 - INFO - 程序启动
2025-12-31 14:55:53,216 - INFO - 开始获取当前成交额
2025-12-31 14:56:46,373 - INFO - 程序启动
2025-12-31 14:56:46,375 - INFO - 开始获取当前成交额
2025-12-31 14:56:46,383 - INFO - 开始估算成交量，已交易分钟数：236，指定成交量：806524651756.6
2025-12-31 14:56:46,389 - INFO - 计算得到的累计比例：amount    0.982549
Name: 15, dtype: float64
2025-12-31 14:56:46,390 - INFO - 估算的成交量：820849088248
2025-12-31 14:56:46,394 - INFO - 开始估算成交量，已交易分钟数：236，指定成交量：1180108791196.9644
2025-12-31 14:56:46,399 - INFO - 计算得到的累计比例：amount    0.982549
Name: 15, dtype: float64
2025-12-31 14:56:46,399 - INFO - 估算的成交量：1201068340785
2025-12-31 14:56:51,173 - INFO - 程序启动
2025-12-31 14:56:51,173 - INFO - 开始获取当前成交额
2025-12-31 14:57:52,093 - INFO - 程序启动
2025-12-31 14:57:52,095 - INFO - 开始获取当前成交额
2025-12-31 14:57:52,097 - INFO - 开始获取指数数据
2025-12-31 14:57:52,429 - INFO - 获取上证和深证指数的成交量: 上证 819974474502.1, 深证 1201943090888.8677
2025-12-31 14:57:52,432 - INFO - 开始估算成交量，已交易分钟数：237，指定成交量：819974474502.1
2025-12-31 14:57:52,437 - INFO - 计算得到的累计比例：amount    0.986912
Name: 15, dtype: float64
2025-12-31 14:57:52,438 - INFO - 估算的成交量：830848677154
2025-12-31 14:57:52,444 - INFO - 开始估算成交量，已交易分钟数：237，指定成交量：1201943090888.8677
2025-12-31 14:57:52,449 - INFO - 计算得到的累计比例：amount    0.986912
Name: 15, dtype: float64
2025-12-31 14:57:52,450 - INFO - 估算的成交量：1217882822128
2025-12-31 14:57:56,429 - INFO - 开始获取最近 5 个交易日的平均成交额
2025-12-31 14:57:57,671 - INFO - 成功获取上证和深证每日数据
2025-12-31 14:57:57,672 - INFO - 最近 5 个交易日上证平均成交额: 848788936769, 深证平均成交额: 1200598956864
2025-12-31 14:58:08,638 - INFO - 前 5% 成交量的股票占总成交量的 42.95%
2025-12-31 14:58:08,645 - INFO - 中间股票涨幅为: 0.0
2025-12-31 14:58:08,657 - INFO - 前 5% 成交金额的股票的平均涨幅为: 1.55%
2025-12-31 14:58:08,665 - INFO - 上涨股票数量: 2736, 下跌股票数量: 2722
2025-12-31 14:58:08,665 - INFO - 股票上涨百分比为: 47.23756906077348
2025-12-31 14:58:08,740 - INFO - 涨停板股票数量: 61
2025-12-31 14:58:08,805 - INFO - 跌停板股票数量: 11
2025-12-31 14:58:08,807 - INFO - 开始计算前10只股票的平均市值
2025-12-31 14:58:08,811 - INFO - 前10只股票平均市值: 3824.54亿
2025-12-31 14:58:08,812 - INFO - 前10只股票总市值: 38245.36亿
2025-12-31 14:58:09,454 - INFO - 2025-12-31 是交易日
2025-12-31 14:58:09,474 - INFO - 程序启动
2025-12-31 14:58:09,474 - INFO - 开始获取当前成交额
2025-12-31 14:58:09,477 - INFO - 开始估算成交量，已交易分钟数：238，指定成交量：819974474502.1
2025-12-31 14:58:09,479 - INFO - 计算得到的累计比例：amount    0.991275
Name: 15, dtype: float64
2025-12-31 14:58:09,480 - INFO - 估算的成交量：827192037374
2025-12-31 14:58:09,482 - INFO - 开始估算成交量，已交易分钟数：238，指定成交量：1201943090888.8677
2025-12-31 14:58:09,484 - INFO - 计算得到的累计比例：amount    0.991275
Name: 15, dtype: float64
2025-12-31 14:58:09,485 - INFO - 估算的成交量：1212522810254
2025-12-31 14:58:52,110 - INFO - 程序启动
2025-12-31 14:58:52,111 - INFO - 开始获取当前成交额
2025-12-31 14:58:55,678 - INFO - 程序启动
2025-12-31 14:58:55,678 - INFO - 开始获取当前成交额
2025-12-31 14:59:52,105 - INFO - 程序启动
2025-12-31 14:59:52,105 - INFO - 开始获取当前成交额
2025-12-31 14:59:52,108 - INFO - 开始估算成交量，已交易分钟数：239，指定成交量：819974474502.1
2025-12-31 14:59:52,110 - INFO - 计算得到的累计比例：amount    0.995637
Name: 15, dtype: float64
2025-12-31 14:59:52,111 - INFO - 估算的成交量：823567442960
2025-12-31 14:59:52,114 - INFO - 开始估算成交量，已交易分钟数：239，指定成交量：1201943090888.8677
2025-12-31 14:59:52,116 - INFO - 计算得到的累计比例：amount    0.995637
Name: 15, dtype: float64
2025-12-31 14:59:52,116 - INFO - 估算的成交量：1207209771436
2025-12-31 14:59:56,403 - INFO - 2025-12-31 是交易日
2025-12-31 14:59:56,424 - INFO - 程序启动
2025-12-31 14:59:56,425 - INFO - 开始获取当前成交额
2025-12-31 15:00:52,108 - INFO - 程序启动
2025-12-31 15:00:52,109 - INFO - 开始获取当前成交额
2025-12-31 15:00:56,407 - INFO - 程序启动
2025-12-31 15:00:56,408 - INFO - 开始获取当前成交额
2025-12-31 15:00:56,409 - INFO - 开始获取指数数据
2025-12-31 15:00:56,413 - INFO - 获取上证和深证指数的成交量: 上证 829511897494.9, 深证 1215723077233.9482
2025-12-31 15:00:56,641 - INFO - 2025-12-31 是交易日
2025-12-31 18:41:23,340 - INFO - 程序启动
2025-12-31 18:41:23,358 - INFO - 开始获取当前成交额
2025-12-31 18:41:23,375 - INFO - 开始获取指数数据
2025-12-31 18:41:23,577 - INFO - 获取上证和深证指数的成交量: 上证 829511897494.9, 深证 1215723077233.9482
2025-12-31 18:41:26,936 - INFO - 开始获取最近 5 个交易日的平均成交额
2025-12-31 18:41:28,052 - INFO - 成功获取上证和深证每日数据
2025-12-31 18:41:28,052 - INFO - 最近 5 个交易日上证平均成交额: 848788936769, 深证平均成交额: 1200598956864
2025-12-31 18:41:41,020 - INFO - 前 5% 成交量的股票占总成交量的 42.89%
2025-12-31 18:41:41,026 - INFO - 中间股票涨幅为: 0.0
2025-12-31 18:41:41,046 - INFO - 前 5% 成交金额的股票的平均涨幅为: 1.53%
2025-12-31 18:41:41,062 - INFO - 上涨股票数量: 2683, 下跌股票数量: 2776
2025-12-31 18:41:41,063 - INFO - 股票上涨百分比为: 46.322513812154696
2025-12-31 18:41:41,168 - INFO - 涨停板股票数量: 61
2025-12-31 18:41:41,301 - INFO - 跌停板股票数量: 13
2025-12-31 18:41:41,304 - INFO - 开始计算前10只股票的平均市值
2025-12-31 18:41:41,314 - INFO - 前10只股票平均市值: 3824.31亿
2025-12-31 18:41:41,315 - INFO - 前10只股票总市值: 38243.07亿
2025-12-31 18:41:41,802 - INFO - 2025-12-31 是交易日
2025-12-31 18:41:41,922 - INFO - 程序启动
2025-12-31 18:41:41,990 - INFO - 开始获取当前成交额
